#
# There is insufficient memory for the Java Runtime Environment to continue.
# Native memory allocation (mmap) failed to map 319815680 bytes for committing reserved memory.
# Possible reasons:
#   The system is out of physical RAM or swap space
#   In 32 bit mode, the process size limit was hit
# Possible solutions:
#   Reduce memory load on the system
#   Increase physical memory or swap space
#   Check if swap backing store is full
#   Use 64 bit Java on a 64 bit OS
#   Decrease Java heap size (-Xmx/-Xms)
#   Decrease number of Java threads
#   Decrease Java thread stack sizes (-Xss)
#   Set larger code cache with -XX:ReservedCodeCacheSize=
# This output file may be truncated or incomplete.
#
#  Out of Memory Error (os_linux.cpp:2627), pid=22740, tid=140252495374080
#
# JRE version: Java(TM) SE Runtime Environment (8.0_60-b27) (build 1.8.0_60-b27)
# Java VM: Java HotSpot(TM) 64-Bit Server VM (25.60-b23 mixed mode linux-amd64 compressed oops)
# Failed to write core dump. Core dumps have been disabled. To enable core dumping, try "ulimit -c unlimited" before starting Java again
#

---------------  T H R E A D  ---------------

Current thread (0x00007f8f28081000):  VMThread [stack: 0x00007f8f141a6000,0x00007f8f142a7000] [id=22753]

Stack: [0x00007f8f141a6000,0x00007f8f142a7000],  sp=0x00007f8f142a51a0,  free space=1020k
Native frames: (J=compiled Java code, j=interpreted, Vv=VM code, C=native code)
V  [libjvm.so+0xab97ea]  VMError::report_and_die()+0x2ba
V  [libjvm.so+0x4f9dab]  report_vm_out_of_memory(char const*, int, unsigned long, VMErrorType, char const*)+0x8b
V  [libjvm.so+0x91a7c3]  os::Linux::commit_memory_impl(char*, unsigned long, bool)+0x103
V  [libjvm.so+0x91ad19]  os::pd_commit_memory(char*, unsigned long, unsigned long, bool)+0x29
V  [libjvm.so+0x91502a]  os::commit_memory(char*, unsigned long, unsigned long, bool)+0x2a
V  [libjvm.so+0x9886d3]  PSVirtualSpace::expand_by(unsigned long)+0x53
V  [libjvm.so+0x978fc0]  PSOldGen::expand(unsigned long)+0x170
V  [libjvm.so+0x9791cb]  PSOldGen::resize(unsigned long)+0x1cb
V  [libjvm.so+0x980ea1]  PSParallelCompact::invoke_no_policy(bool)+0x991
V  [libjvm.so+0x9867fd]  PSScavenge::invoke()+0x1ad
V  [libjvm.so+0x93e430]  ParallelScavengeHeap::failed_mem_allocate(unsigned long)+0x70
V  [libjvm.so+0xabb207]  VM_ParallelGCFailedAllocation::doit()+0x97
V  [libjvm.so+0xac2c35]  VM_Operation::evaluate()+0x55
V  [libjvm.so+0xac100a]  VMThread::evaluate_operation(VM_Operation*)+0xba
V  [libjvm.so+0xac138e]  VMThread::loop()+0x1ce
V  [libjvm.so+0xac1800]  VMThread::run()+0x70
V  [libjvm.so+0x91cb88]  java_start(Thread*)+0x108

VM_Operation (0x00007f8ee2ce4120): ParallelGCFailedAllocation, mode: safepoint, requested by thread 0x00007f8f28677800


---------------  P R O C E S S  ---------------

Java Threads: ( => current thread )
  0x00007f8f28677800 JavaThread "pool-2-thread-2" [_thread_blocked, id=22769, stack(0x00007f8ee2be5000,0x00007f8ee2ce6000)]
  0x00007f8f28675800 JavaThread "pool-2-thread-1" [_thread_blocked, id=22768, stack(0x00007f8ee2de7000,0x00007f8ee2ee8000)]
  0x00007f8f280d5800 JavaThread "Service Thread" daemon [_thread_blocked, id=22761, stack(0x00007f8ee381e000,0x00007f8ee391f000)]
  0x00007f8f280c8800 JavaThread "C1 CompilerThread3" daemon [_thread_blocked, id=22760, stack(0x00007f8ee391f000,0x00007f8ee3a20000)]
  0x00007f8f280c6800 JavaThread "C2 CompilerThread2" daemon [_thread_blocked, id=22759, stack(0x00007f8ee3a20000,0x00007f8ee3b21000)]
  0x00007f8f280c4800 JavaThread "C2 CompilerThread1" daemon [_thread_blocked, id=22758, stack(0x00007f8ee3b21000,0x00007f8ee3c22000)]
  0x00007f8f280c1800 JavaThread "C2 CompilerThread0" daemon [_thread_blocked, id=22757, stack(0x00007f8ee3c22000,0x00007f8ee3d23000)]
  0x00007f8f280c0800 JavaThread "Signal Dispatcher" daemon [_thread_blocked, id=22756, stack(0x00007f8ef400e000,0x00007f8ef410f000)]
  0x00007f8f28088000 JavaThread "Finalizer" daemon [_thread_blocked, id=22755, stack(0x00007f8ef410f000,0x00007f8ef4210000)]
  0x00007f8f28086000 JavaThread "Reference Handler" daemon [_thread_blocked, id=22754, stack(0x00007f8f140a5000,0x00007f8f141a6000)]
  0x00007f8f2800b000 JavaThread "main" [_thread_blocked, id=22744, stack(0x00007f8f2de10000,0x00007f8f2df11000)]

Other Threads:
=>0x00007f8f28081000 VMThread [stack: 0x00007f8f141a6000,0x00007f8f142a7000] [id=22753]
  0x00007f8f280d9000 WatcherThread [stack: 0x00007f8ee371d000,0x00007f8ee381e000] [id=22762]

VM state:at safepoint (normal execution)

VM Mutex/Monitor currently owned by a thread:  ([mutex/lock_event])
[0x00007f8f28006df0] ExpandHeap_lock - owner thread: 0x00007f8f28081000
[0x00007f8f28007470] Threads_lock - owner thread: 0x00007f8f28081000
[0x00007f8f28007970] Heap_lock - owner thread: 0x00007f8f28677800

Heap:
 PSYoungGen      total 437760K, used 63353K [0x00000000d6b80000, 0x00000000ff300000, 0x0000000100000000)
  eden space 225792K, 0% used [0x00000000d6b80000,0x00000000d6b80000,0x00000000e4800000)
  from space 211968K, 29% used [0x00000000f2400000,0x00000000f61de728,0x00000000ff300000)
  to   space 218624K, 0% used [0x00000000e4800000,0x00000000e4800000,0x00000000f1d80000)
 ParOldGen       total 833024K, used 832904K [0x0000000084200000, 0x00000000b6f80000, 0x00000000d6b80000)
  object space 833024K, 99% used [0x0000000084200000,0x00000000b6f623e8,0x00000000b6f80000)
 Metaspace       used 13309K, capacity 13490K, committed 13696K, reserved 1060864K
  class space    used 1353K, capacity 1402K, committed 1408K, reserved 1048576K

Card table byte_map: [0x00007f8f177c2000,0x00007f8f17ba2000] byte_map_base: 0x00007f8f173a1000

Marking Bits: (ParMarkBitMap*) 0x00007f8f2d2f4de0
 Begin Bits: [0x00007f8ef4210000, 0x00007f8ef6108000)
 End Bits:   [0x00007f8ef6108000, 0x00007f8ef8000000)

Polling page: 0x00007f8f2df42000

CodeCache: size=245760Kb used=11427Kb max_used=12671Kb free=234332Kb
 bounds [0x00007f8f17f62000, 0x00007f8f18be2000, 0x00007f8f26f62000]
 total_blobs=3276 nmethods=2953 adapters=236
 compilation: enabled

Compilation events (10 events):
Event: 18,534 Thread 0x00007f8f280c4800 3235       4       fr.inria.edelweiss.kgenv.parser.Transformer::error (27 bytes)
Event: 18,541 Thread 0x00007f8f280c4800 nmethod 3235 0x00007f8f183dcc90 code [0x00007f8f183dce20, 0x00007f8f183dd1b8]
Event: 18,541 Thread 0x00007f8f280c4800 3243       4       fr.inria.acacia.corese.triple.parser.ASTQuery::getTemplateVisitor (17 bytes)
Event: 18,541 Thread 0x00007f8f280c4800 nmethod 3243 0x00007f8f185b0150 code [0x00007f8f185b02a0, 0x00007f8f185b0318]
Event: 18,541 Thread 0x00007f8f280c4800 3240       4       fr.inria.acacia.corese.triple.parser.ASTQuery::record (25 bytes)
Event: 18,543 Thread 0x00007f8f280c4800 nmethod 3240 0x00007f8f181f6910 code [0x00007f8f181f6a80, 0x00007f8f181f6c08]
Event: 18,547 Thread 0x00007f8f280c4800 3280       4       java.lang.Long::getChars (221 bytes)
Event: 18,549 Thread 0x00007f8f280c8800 3281       3       java.lang.AbstractStringBuilder::append (70 bytes)
Event: 18,550 Thread 0x00007f8f280c8800 nmethod 3281 0x00007f8f18354850 code [0x00007f8f18354a00, 0x00007f8f18354f08]
Event: 18,554 Thread 0x00007f8f280c4800 nmethod 3280 0x00007f8f18480390 code [0x00007f8f18480500, 0x00007f8f18480a78]

GC Heap History (10 events):
Event: 17,212 GC heap after
Heap after GC invocations=19 (full 5):
 PSYoungGen      total 451072K, used 50342K [0x00000000d6b80000, 0x0000000100000000, 0x0000000100000000)
  eden space 225792K, 0% used [0x00000000d6b80000,0x00000000d6b80000,0x00000000e4800000)
  from space 225280K, 22% used [0x00000000f2400000,0x00000000f5529878,0x0000000100000000)
  to   space 225280K, 0% used [0x00000000e4800000,0x00000000e4800000,0x00000000f2400000)
 ParOldGen       total 824320K, used 584710K [0x0000000084200000, 0x00000000b6700000, 0x00000000d6b80000)
  object space 824320K, 70% used [0x0000000084200000,0x00000000a7d01bf8,0x00000000b6700000)
 Metaspace       used 13309K, capacity 13490K, committed 13696K, reserved 1060864K
  class space    used 1353K, capacity 1402K, committed 1408K, reserved 1048576K
}
Event: 17,501 GC heap before
{Heap before GC invocations=20 (full 5):
 PSYoungGen      total 451072K, used 276134K [0x00000000d6b80000, 0x0000000100000000, 0x0000000100000000)
  eden space 225792K, 100% used [0x00000000d6b80000,0x00000000e4800000,0x00000000e4800000)
  from space 225280K, 22% used [0x00000000f2400000,0x00000000f5529878,0x0000000100000000)
  to   space 225280K, 0% used [0x00000000e4800000,0x00000000e4800000,0x00000000f2400000)
 ParOldGen       total 824320K, used 584710K [0x0000000084200000, 0x00000000b6700000, 0x00000000d6b80000)
  object space 824320K, 70% used [0x0000000084200000,0x00000000a7d01bf8,0x00000000b6700000)
 Metaspace       used 13309K, capacity 13490K, committed 13696K, reserved 1060864K
  class space    used 1353K, capacity 1402K, committed 1408K, reserved 1048576K
Event: 17,789 GC heap after
Heap after GC invocations=20 (full 5):
 PSYoungGen      total 451072K, used 65824K [0x00000000d6b80000, 0x0000000100000000, 0x0000000100000000)
  eden space 225792K, 0% used [0x00000000d6b80000,0x00000000d6b80000,0x00000000e4800000)
  from space 225280K, 29% used [0x00000000e4800000,0x00000000e8848020,0x00000000f2400000)
  to   space 225280K, 0% used [0x00000000f2400000,0x00000000f2400000,0x0000000100000000)
 ParOldGen       total 824320K, used 635374K [0x0000000084200000, 0x00000000b6700000, 0x00000000d6b80000)
  object space 824320K, 77% used [0x0000000084200000,0x00000000aae7bbf8,0x00000000b6700000)
 Metaspace       used 13309K, capacity 13490K, committed 13696K, reserved 1060864K
  class space    used 1353K, capacity 1402K, committed 1408K, reserved 1048576K
}
Event: 18,052 GC heap before
{Heap before GC invocations=21 (full 5):
 PSYoungGen      total 451072K, used 291616K [0x00000000d6b80000, 0x0000000100000000, 0x0000000100000000)
  eden space 225792K, 100% used [0x00000000d6b80000,0x00000000e4800000,0x00000000e4800000)
  from space 225280K, 29% used [0x00000000e4800000,0x00000000e8848020,0x00000000f2400000)
  to   space 225280K, 0% used [0x00000000f2400000,0x00000000f2400000,0x0000000100000000)
 ParOldGen       total 824320K, used 635374K [0x0000000084200000, 0x00000000b6700000, 0x00000000d6b80000)
  object space 824320K, 77% used [0x0000000084200000,0x00000000aae7bbf8,0x00000000b6700000)
 Metaspace       used 13309K, capacity 13490K, committed 13696K, reserved 1060864K
  class space    used 1353K, capacity 1402K, committed 1408K, reserved 1048576K
Event: 18,235 GC heap after
Heap after GC invocations=21 (full 5):
 PSYoungGen      total 451072K, used 65712K [0x00000000d6b80000, 0x0000000100000000, 0x0000000100000000)
  eden space 225792K, 0% used [0x00000000d6b80000,0x00000000d6b80000,0x00000000e4800000)
  from space 225280K, 29% used [0x00000000f2400000,0x00000000f642c030,0x0000000100000000)
  to   space 225280K, 0% used [0x00000000e4800000,0x00000000e4800000,0x00000000f2400000)
 ParOldGen       total 824320K, used 701279K [0x0000000084200000, 0x00000000b6700000, 0x00000000d6b80000)
  object space 824320K, 85% used [0x0000000084200000,0x00000000aeed7c38,0x00000000b6700000)
 Metaspace       used 13309K, capacity 13490K, committed 13696K, reserved 1060864K
  class space    used 1353K, capacity 1402K, committed 1408K, reserved 1048576K
}
Event: 18,418 GC heap before
{Heap before GC invocations=22 (full 5):
 PSYoungGen      total 451072K, used 291504K [0x00000000d6b80000, 0x0000000100000000, 0x0000000100000000)
  eden space 225792K, 100% used [0x00000000d6b80000,0x00000000e4800000,0x00000000e4800000)
  from space 225280K, 29% used [0x00000000f2400000,0x00000000f642c030,0x0000000100000000)
  to   space 225280K, 0% used [0x00000000e4800000,0x00000000e4800000,0x00000000f2400000)
 ParOldGen       total 824320K, used 701279K [0x0000000084200000, 0x00000000b6700000, 0x00000000d6b80000)
  object space 824320K, 85% used [0x0000000084200000,0x00000000aeed7c38,0x00000000b6700000)
 Metaspace       used 13309K, capacity 13490K, committed 13696K, reserved 1060864K
  class space    used 1353K, capacity 1402K, committed 1408K, reserved 1048576K
Event: 18,487 GC heap after
Heap after GC invocations=22 (full 5):
 PSYoungGen      total 451072K, used 131040K [0x00000000d6b80000, 0x0000000100000000, 0x0000000100000000)
  eden space 225792K, 0% used [0x00000000d6b80000,0x00000000d6b80000,0x00000000e4800000)
  from space 225280K, 58% used [0x00000000e4800000,0x00000000ec7f8020,0x00000000f2400000)
  to   space 225280K, 0% used [0x00000000f2400000,0x00000000f2400000,0x0000000100000000)
 ParOldGen       total 824320K, used 701279K [0x0000000084200000, 0x00000000b6700000, 0x00000000d6b80000)
  object space 824320K, 85% used [0x0000000084200000,0x00000000aeed7c38,0x00000000b6700000)
 Metaspace       used 13309K, capacity 13490K, committed 13696K, reserved 1060864K
  class space    used 1353K, capacity 1402K, committed 1408K, reserved 1048576K
}
Event: 18,624 GC heap before
{Heap before GC invocations=23 (full 5):
 PSYoungGen      total 451072K, used 356832K [0x00000000d6b80000, 0x0000000100000000, 0x0000000100000000)
  eden space 225792K, 100% used [0x00000000d6b80000,0x00000000e4800000,0x00000000e4800000)
  from space 225280K, 58% used [0x00000000e4800000,0x00000000ec7f8020,0x00000000f2400000)
  to   space 225280K, 0% used [0x00000000f2400000,0x00000000f2400000,0x0000000100000000)
 ParOldGen       total 824320K, used 701279K [0x0000000084200000, 0x00000000b6700000, 0x00000000d6b80000)
  object space 824320K, 85% used [0x0000000084200000,0x00000000aeed7c38,0x00000000b6700000)
 Metaspace       used 13309K, capacity 13490K, committed 13696K, reserved 1060864K
  class space    used 1353K, capacity 1402K, committed 1408K, reserved 1048576K
Event: 18,964 GC heap after
Heap after GC invocations=23 (full 5):
 PSYoungGen      total 437760K, used 65664K [0x00000000d6b80000, 0x00000000ff300000, 0x0000000100000000)
  eden space 225792K, 0% used [0x00000000d6b80000,0x00000000d6b80000,0x00000000e4800000)
  from space 211968K, 30% used [0x00000000f2400000,0x00000000f6420020,0x00000000ff300000)
  to   space 218624K, 0% used [0x00000000e4800000,0x00000000e4800000,0x00000000f1d80000)
 ParOldGen       total 833024K, used 832591K [0x0000000084200000, 0x00000000b6f80000, 0x00000000d6b80000)
  object space 833024K, 99% used [0x0000000084200000,0x00000000b6f13c38,0x00000000b6f80000)
 Metaspace       used 13309K, capacity 13490K, committed 13696K, reserved 1060864K
  class space    used 1353K, capacity 1402K, committed 1408K, reserved 1048576K
}
Event: 18,964 GC heap before
{Heap before GC invocations=24 (full 6):
 PSYoungGen      total 437760K, used 65664K [0x00000000d6b80000, 0x00000000ff300000, 0x0000000100000000)
  eden space 225792K, 0% used [0x00000000d6b80000,0x00000000d6b80000,0x00000000e4800000)
  from space 211968K, 30% used [0x00000000f2400000,0x00000000f6420020,0x00000000ff300000)
  to   space 218624K, 0% used [0x00000000e4800000,0x00000000e4800000,0x00000000f1d80000)
 ParOldGen       total 833024K, used 832591K [0x0000000084200000, 0x00000000b6f80000, 0x00000000d6b80000)
  object space 833024K, 99% used [0x0000000084200000,0x00000000b6f13c38,0x00000000b6f80000)
 Metaspace       used 13309K, capacity 13490K, committed 13696K, reserved 1060864K
  class space    used 1353K, capacity 1402K, committed 1408K, reserved 1048576K

Deoptimization events (10 events):
Event: 8,045 Thread 0x00007f8f28675800 Uncommon trap: reason=bimorphic action=maybe_recompile pc=0x00007f8f18a21ff0 method=fr.inria.acacia.corese.cg.datatype.CoreseDatatype.toSparql(ZZ)Ljava/lang/String; @ 1
Event: 8,045 Thread 0x00007f8f28675800 Uncommon trap: reason=class_check action=maybe_recompile pc=0x00007f8f189c195c method=fr.inria.edelweiss.kgraph.core.NodeImpl.toString()Ljava/lang/String; @ 4
Event: 8,045 Thread 0x00007f8f28675800 Uncommon trap: reason=bimorphic action=maybe_recompile pc=0x00007f8f18a21ff0 method=fr.inria.acacia.corese.cg.datatype.CoreseDatatype.toSparql(ZZ)Ljava/lang/String; @ 1
Event: 8,046 Thread 0x00007f8f28675800 Uncommon trap: reason=class_check action=maybe_recompile pc=0x00007f8f189c195c method=fr.inria.edelweiss.kgraph.core.NodeImpl.toString()Ljava/lang/String; @ 4
Event: 8,046 Thread 0x00007f8f28675800 Uncommon trap: reason=bimorphic action=maybe_recompile pc=0x00007f8f18a21ff0 method=fr.inria.acacia.corese.cg.datatype.CoreseDatatype.toSparql(ZZ)Ljava/lang/String; @ 1
Event: 8,734 Thread 0x00007f8f28677800 Uncommon trap: reason=unstable_if action=reinterpret pc=0x00007f8f18b46f10 method=java.util.TreeMap.rotateLeft(Ljava/util/TreeMap$Entry;)V @ 63
Event: 10,331 Thread 0x00007f8f28088000 Uncommon trap: reason=unstable_if action=reinterpret pc=0x00007f8f182d4860 method=java.util.HashMap$HashIterator.<init>(Ljava/util/HashMap;)V @ 45
Event: 18,028 Thread 0x00007f8f28677800 Uncommon trap: reason=unstable_if action=reinterpret pc=0x00007f8f189475d8 method=java.lang.Long.getChars(JI[C)V @ 94
Event: 18,028 Thread 0x00007f8f28675800 Uncommon trap: reason=unstable_if action=reinterpret pc=0x00007f8f189475d8 method=java.lang.Long.getChars(JI[C)V @ 94
Event: 18,028 Thread 0x00007f8f28675800 Uncommon trap: reason=unstable_if action=reinterpret pc=0x00007f8f18934bc0 method=java.lang.Long.getChars(JI[C)V @ 94

Internal exceptions (10 events):
Event: 0,980 Thread 0x00007f8f2800b000 Exception <a 'java/lang/NoClassDefFoundError': org/codehaus/jettison/json/JSONException> (0x00000000d72e6540) thrown at [/HUDSON/workspace/8-2-build-linux-amd64/jdk8u60/4407/hotspot/src/share/vm/classfile/systemDictionary.cpp, line 199]
Event: 0,980 Thread 0x00007f8f2800b000 Exception <a 'java/lang/NoClassDefFoundError': org/codehaus/jackson/map/JsonSerializableWithType> (0x00000000d72f2c78) thrown at [/HUDSON/workspace/8-2-build-linux-amd64/jdk8u60/4407/hotspot/src/share/vm/classfile/systemDictionary.cpp, line 199]
Event: 0,980 Thread 0x00007f8f2800b000 Exception <a 'java/lang/NoClassDefFoundError'> (0x00000000d72f2c78) thrown at [/HUDSON/workspace/8-2-build-linux-amd64/jdk8u60/4407/hotspot/src/share/vm/prims/jvm.cpp, line 1390]
Event: 0,980 Thread 0x00007f8f2800b000 Exception <a 'java/lang/NoClassDefFoundError': org/codehaus/jackson/jaxrs/JacksonJsonProvider> (0x00000000d72fb538) thrown at [/HUDSON/workspace/8-2-build-linux-amd64/jdk8u60/4407/hotspot/src/share/vm/oops/constantPool.cpp, line 235]
Event: 0,980 Thread 0x00007f8f2800b000 Exception <a 'java/lang/reflect/InvocationTargetException'> (0x00000000d72fb740) thrown at [/HUDSON/workspace/8-2-build-linux-amd64/jdk8u60/4407/hotspot/src/share/vm/runtime/reflection.cpp, line 1092]
Event: 0,980 Thread 0x00007f8f2800b000 Exception <a 'java/lang/NoClassDefFoundError'> (0x00000000d72fb538) thrown at [/HUDSON/workspace/8-2-build-linux-amd64/jdk8u60/4407/hotspot/src/share/vm/prims/jni.cpp, line 709]
Event: 1,073 Thread 0x00007f8f2800b000 Implicit null exception at 0x00007f8f181efbf5 to 0x00007f8f181efe01
Event: 5,337 Thread 0x00007f8f28675800 Implicit null exception at 0x00007f8f1851c574 to 0x00007f8f1851d529
Event: 5,337 Thread 0x00007f8f28675800 Implicit null exception at 0x00007f8f1844e8ee to 0x00007f8f1844eb11
Event: 6,788 Thread 0x00007f8f28675800 Implicit null exception at 0x00007f8f18530a13 to 0x00007f8f18530b21

Events (10 events):
Event: 18,028 Thread 0x00007f8f28675800 DEOPT UNPACKING pc=0x00007f8f17f67229 sp=0x00007f8ee2ee5f70 mode 2
Event: 18,028 Thread 0x00007f8f28675800 Uncommon trap: trap_request=0xffffff65 fr.pc=0x00007f8f18934bc0
Event: 18,028 Thread 0x00007f8f28675800 DEOPT PACKING pc=0x00007f8f18934bc0 sp=0x00007f8ee2ee5fd0
Event: 18,028 Thread 0x00007f8f28675800 DEOPT UNPACKING pc=0x00007f8f17f67229 sp=0x00007f8ee2ee5f68 mode 2
Event: 18,051 Executing VM operation: ParallelGCFailedAllocation
Event: 18,235 Executing VM operation: ParallelGCFailedAllocation done
Event: 18,253 Thread 0x00007f8f2861b800 Thread exited: 0x00007f8f2861b800
Event: 18,418 Executing VM operation: ParallelGCFailedAllocation
Event: 18,487 Executing VM operation: ParallelGCFailedAllocation done
Event: 18,624 Executing VM operation: ParallelGCFailedAllocation


Dynamic libraries:
00400000-00401000 r-xp 00000000 08:03 9307905                            /usr/lib/jvm/jdk1.8.0_60/bin/java
00600000-00601000 rw-p 00000000 08:03 9307905                            /usr/lib/jvm/jdk1.8.0_60/bin/java
00cea000-00d0b000 rw-p 00000000 00:00 0                                  [heap]
84200000-b6f80000 rw-p 00000000 00:00 0 
ca080000-d6b80000 ---p 00000000 00:00 0 
d6b80000-ff300000 rw-p 00000000 00:00 0 
ff300000-100000000 ---p 00000000 00:00 0 
100000000-100160000 rw-p 00000000 00:00 0 
100160000-140000000 ---p 00000000 00:00 0 
7f8eb4000000-7f8eb4021000 rw-p 00000000 00:00 0 
7f8eb4021000-7f8eb8000000 ---p 00000000 00:00 0 
7f8eb8000000-7f8eb804f000 rw-p 00000000 00:00 0 
7f8eb804f000-7f8ebc000000 ---p 00000000 00:00 0 
7f8ebc000000-7f8ebc021000 rw-p 00000000 00:00 0 
7f8ebc021000-7f8ec0000000 ---p 00000000 00:00 0 
7f8ec0000000-7f8ec02f0000 rw-p 00000000 00:00 0 
7f8ec02f0000-7f8ec4000000 ---p 00000000 00:00 0 
7f8ec4000000-7f8ec4021000 rw-p 00000000 00:00 0 
7f8ec4021000-7f8ec8000000 ---p 00000000 00:00 0 
7f8ec8000000-7f8ec8021000 rw-p 00000000 00:00 0 
7f8ec8021000-7f8ecc000000 ---p 00000000 00:00 0 
7f8ecc000000-7f8ecd44f000 rw-p 00000000 00:00 0 
7f8ecd44f000-7f8ed0000000 ---p 00000000 00:00 0 
7f8ed0000000-7f8ed12a6000 rw-p 00000000 00:00 0 
7f8ed12a6000-7f8ed4000000 ---p 00000000 00:00 0 
7f8ed4000000-7f8ed56d3000 rw-p 00000000 00:00 0 
7f8ed56d3000-7f8ed8000000 ---p 00000000 00:00 0 
7f8ed8000000-7f8ed90c3000 rw-p 00000000 00:00 0 
7f8ed90c3000-7f8edc000000 ---p 00000000 00:00 0 
7f8edc000000-7f8edc021000 rw-p 00000000 00:00 0 
7f8edc021000-7f8ee0000000 ---p 00000000 00:00 0 
7f8ee29bf000-7f8ee29e5000 r--p 00000000 08:03 11301460                   /usr/share/locale-langpack/fr/LC_MESSAGES/libc.mo
7f8ee29e5000-7f8ee2be5000 rw-p 00000000 00:00 0 
7f8ee2be5000-7f8ee2be8000 ---p 00000000 00:00 0 
7f8ee2be8000-7f8ee2ce6000 rw-p 00000000 00:00 0 
7f8ee2ce6000-7f8ee2ce9000 ---p 00000000 00:00 0 
7f8ee2ce9000-7f8ee2de7000 rw-p 00000000 00:00 0 
7f8ee2de7000-7f8ee2dea000 ---p 00000000 00:00 0 
7f8ee2dea000-7f8ee2ee8000 rw-p 00000000 00:00 0 
7f8ee2ee8000-7f8ee2eeb000 ---p 00000000 00:00 0 
7f8ee2eeb000-7f8ee32ea000 rw-p 00000000 00:00 0 
7f8ee32ea000-7f8ee3300000 r-xp 00000000 08:03 9307767                    /usr/lib/jvm/jdk1.8.0_60/jre/lib/amd64/libnet.so
7f8ee3300000-7f8ee3500000 ---p 00016000 08:03 9307767                    /usr/lib/jvm/jdk1.8.0_60/jre/lib/amd64/libnet.so
7f8ee3500000-7f8ee3501000 rw-p 00016000 08:03 9307767                    /usr/lib/jvm/jdk1.8.0_60/jre/lib/amd64/libnet.so
7f8ee3501000-7f8ee351d000 r--s 00393000 08:03 9307828                    /usr/lib/jvm/jdk1.8.0_60/jre/lib/ext/cldrdata.jar
7f8ee351d000-7f8ee371d000 rw-p 00000000 00:00 0 
7f8ee371d000-7f8ee371e000 ---p 00000000 00:00 0 
7f8ee371e000-7f8ee381e000 rw-p 00000000 00:00 0 
7f8ee381e000-7f8ee3821000 ---p 00000000 00:00 0 
7f8ee3821000-7f8ee391f000 rw-p 00000000 00:00 0 
7f8ee391f000-7f8ee3922000 ---p 00000000 00:00 0 
7f8ee3922000-7f8ee3a20000 rw-p 00000000 00:00 0 
7f8ee3a20000-7f8ee3a23000 ---p 00000000 00:00 0 
7f8ee3a23000-7f8ee3b21000 rw-p 00000000 00:00 0 
7f8ee3b21000-7f8ee3b24000 ---p 00000000 00:00 0 
7f8ee3b24000-7f8ee3c22000 rw-p 00000000 00:00 0 
7f8ee3c22000-7f8ee3c25000 ---p 00000000 00:00 0 
7f8ee3c25000-7f8ee3d23000 rw-p 00000000 00:00 0 
7f8ee3d23000-7f8ee4000000 r--p 00000000 08:03 10633822                   /usr/lib/locale/locale-archive
7f8ee4000000-7f8ee4021000 rw-p 00000000 00:00 0 
7f8ee4021000-7f8ee8000000 ---p 00000000 00:00 0 
7f8ee8000000-7f8ee8021000 rw-p 00000000 00:00 0 
7f8ee8021000-7f8eec000000 ---p 00000000 00:00 0 
7f8eec000000-7f8eec2aa000 rw-p 00000000 00:00 0 
7f8eec2aa000-7f8ef0000000 ---p 00000000 00:00 0 
7f8ef0000000-7f8ef0021000 rw-p 00000000 00:00 0 
7f8ef0021000-7f8ef4000000 ---p 00000000 00:00 0 
7f8ef400e000-7f8ef4011000 ---p 00000000 00:00 0 
7f8ef4011000-7f8ef410f000 rw-p 00000000 00:00 0 
7f8ef410f000-7f8ef4112000 ---p 00000000 00:00 0 
7f8ef4112000-7f8ef8000000 rw-p 00000000 00:00 0 
7f8ef8000000-7f8ef8021000 rw-p 00000000 00:00 0 
7f8ef8021000-7f8efc000000 ---p 00000000 00:00 0 
7f8efc000000-7f8efc021000 rw-p 00000000 00:00 0 
7f8efc021000-7f8f00000000 ---p 00000000 00:00 0 
7f8f00000000-7f8f00021000 rw-p 00000000 00:00 0 
7f8f00021000-7f8f04000000 ---p 00000000 00:00 0 
7f8f04000000-7f8f04021000 rw-p 00000000 00:00 0 
7f8f04021000-7f8f08000000 ---p 00000000 00:00 0 
7f8f08000000-7f8f08021000 rw-p 00000000 00:00 0 
7f8f08021000-7f8f0c000000 ---p 00000000 00:00 0 
7f8f0c000000-7f8f0c021000 rw-p 00000000 00:00 0 
7f8f0c021000-7f8f10000000 ---p 00000000 00:00 0 
7f8f10000000-7f8f10021000 rw-p 00000000 00:00 0 
7f8f10021000-7f8f14000000 ---p 00000000 00:00 0 
7f8f14005000-7f8f1400c000 r--s 00000000 08:03 10896041                   /usr/lib/x86_64-linux-gnu/gconv/gconv-modules.cache
7f8f1400c000-7f8f14010000 r--s 00095000 08:03 9307815                    /usr/lib/jvm/jdk1.8.0_60/jre/lib/jsse.jar
7f8f14010000-7f8f1401a000 r--s 00116000 08:03 9307821                    /usr/lib/jvm/jdk1.8.0_60/jre/lib/ext/localedata.jar
7f8f1401a000-7f8f1401c000 r--s 00005000 08:03 8261572                    /home/macina/.m2/repository/org/slf4j/slf4j-api/1.6.4/slf4j-api-1.6.4.jar
7f8f1401c000-7f8f1401e000 r--s 00018000 08:03 8389104                    /home/macina/.m2/repository/fr/inria/wimmics/kgenv/3.2.1-SNAPSHOT/kgenv-3.2.1-SNAPSHOT.jar
7f8f1401e000-7f8f14022000 r--s 00053000 08:03 8520116                    /home/macina/.m2/repository/fr/inria/wimmics/sparql/3.2.1-SNAPSHOT/sparql-3.2.1-SNAPSHOT.jar
7f8f14022000-7f8f14024000 r--s 00009000 08:03 8129598                    /home/macina/.m2/repository/commons-cli/commons-cli/1.2/commons-cli-1.2.jar
7f8f14024000-7f8f14028000 r--s 0003c000 08:03 7348912                    /home/macina/.m2/repository/commons-lang/commons-lang/2.4/commons-lang-2.4.jar
7f8f14028000-7f8f1402f000 r--s 00051000 08:03 8128753                    /home/macina/.m2/repository/log4j/log4j/1.2.12/log4j-1.2.12.jar
7f8f1402f000-7f8f14032000 r--s 0001d000 08:03 8259630                    /home/macina/.m2/repository/com/sun/jersey/jersey-client/1.15/jersey-client-1.15.jar
7f8f14032000-7f8f1403d000 r--s 00068000 08:03 8261419                    /home/macina/.m2/repository/com/sun/jersey/jersey-core/1.15/jersey-core-1.15.jar
7f8f1403d000-7f8f14045000 r--s 00028000 08:03 7228314                    /home/macina/.m2/repository/xml-apis/xml-apis/1.3.03/xml-apis-1.3.03.jar
7f8f14045000-7f8f14048000 r--s 0001a000 08:03 8260542                    /home/macina/.m2/repository/org/apache/httpcomponents/httpclient-cache/4.2.5/httpclient-cache-4.2.5.jar
7f8f14048000-7f8f1404e000 r--s 00033000 08:03 7753719                    /home/macina/.m2/repository/commons-codec/commons-codec/1.6/commons-codec-1.6.jar
7f8f1404e000-7f8f14050000 r--s 0000d000 08:03 8260550                    /home/macina/.m2/repository/commons-logging/commons-logging/1.1.1/commons-logging-1.1.1.jar
7f8f14050000-7f8f14056000 r--s 00032000 08:03 8260547                    /home/macina/.m2/repository/org/apache/httpcomponents/httpcore/4.2.4/httpcore-4.2.4.jar
7f8f14056000-7f8f1405f000 r--s 00061000 08:03 8260543                    /home/macina/.m2/repository/org/apache/httpcomponents/httpclient/4.2.5/httpclient-4.2.5.jar
7f8f1405f000-7f8f14061000 r--s 00007000 08:03 8260561                    /home/macina/.m2/repository/com/fasterxml/jackson/core/jackson-annotations/2.3.0/jackson-annotations-2.3.0.jar
7f8f14061000-7f8f14073000 r--s 000ce000 08:03 8260559                    /home/macina/.m2/repository/com/fasterxml/jackson/core/jackson-databind/2.3.1/jackson-databind-2.3.1.jar
7f8f14073000-7f8f14077000 r--s 0002d000 08:03 8260558                    /home/macina/.m2/repository/com/fasterxml/jackson/core/jackson-core/2.3.1/jackson-core-2.3.1.jar
7f8f14077000-7f8f1407a000 r--s 0001a000 08:03 8260556                    /home/macina/.m2/repository/com/github/jsonld-java/jsonld-java/0.3/jsonld-java-0.3.jar
7f8f1407a000-7f8f1407c000 r--s 00005000 08:03 8260555                    /home/macina/.m2/repository/org/semarglproject/semargl-rdf/0.6.1/semargl-rdf-0.6.1.jar
7f8f1407c000-7f8f14080000 r--s 00026000 08:03 8260565                    /home/macina/.m2/repository/org/openrdf/sesame/sesame-model/2.8.0-beta2/sesame-model-2.8.0-beta2.jar
7f8f14080000-7f8f14082000 r--s 00012000 08:03 8260571                    /home/macina/.m2/repository/org/openrdf/sesame/sesame-util/2.8.0-beta2/sesame-util-2.8.0-beta2.jar
7f8f14082000-7f8f14084000 r--s 0000c000 08:03 8260566                    /home/macina/.m2/repository/org/openrdf/sesame/sesame-rio-api/2.8.0-beta2/sesame-rio-api-2.8.0-beta2.jar
7f8f14084000-7f8f140a5000 r--s 0014c000 08:03 8261414                    /home/macina/.m2/repository/com/sun/jersey/jersey-bundle/1.15/jersey-bundle-1.15.jar
7f8f140a5000-7f8f140a8000 ---p 00000000 00:00 0 
7f8f140a8000-7f8f141a6000 rw-p 00000000 00:00 0 
7f8f141a6000-7f8f141a7000 ---p 00000000 00:00 0 
7f8f141a7000-7f8f15ef8000 rw-p 00000000 00:00 0 
7f8f15ef8000-7f8f160d0000 r--s 03d17000 08:03 9307812                    /usr/lib/jvm/jdk1.8.0_60/jre/lib/rt.jar
7f8f160d0000-7f8f16d25000 rw-p 00000000 00:00 0 
7f8f16d25000-7f8f16d26000 ---p 00000000 00:00 0 
7f8f16d26000-7f8f16e26000 rw-p 00000000 00:00 0 
7f8f16e26000-7f8f16e27000 ---p 00000000 00:00 0 
7f8f16e27000-7f8f16f27000 rw-p 00000000 00:00 0 
7f8f16f27000-7f8f16f28000 ---p 00000000 00:00 0 
7f8f16f28000-7f8f17028000 rw-p 00000000 00:00 0 
7f8f17028000-7f8f17029000 ---p 00000000 00:00 0 
7f8f17029000-7f8f17129000 rw-p 00000000 00:00 0 
7f8f17129000-7f8f1712a000 ---p 00000000 00:00 0 
7f8f1712a000-7f8f1722a000 rw-p 00000000 00:00 0 
7f8f1722a000-7f8f1722b000 ---p 00000000 00:00 0 
7f8f1722b000-7f8f1732b000 rw-p 00000000 00:00 0 
7f8f1732b000-7f8f1732c000 ---p 00000000 00:00 0 
7f8f1732c000-7f8f1742c000 rw-p 00000000 00:00 0 
7f8f1742c000-7f8f1742d000 ---p 00000000 00:00 0 
7f8f1742d000-7f8f176c4000 rw-p 00000000 00:00 0 
7f8f176c4000-7f8f177c2000 ---p 00000000 00:00 0 
7f8f177c2000-7f8f17959000 rw-p 00000000 00:00 0 
7f8f17959000-7f8f17a56000 ---p 00000000 00:00 0 
7f8f17a56000-7f8f17b9b000 rw-p 00000000 00:00 0 
7f8f17b9b000-7f8f17ba1000 ---p 00000000 00:00 0 
7f8f17ba1000-7f8f17bd4000 rw-p 00000000 00:00 0 
7f8f17bd4000-7f8f17f62000 ---p 00000000 00:00 0 
7f8f17f62000-7f8f18be2000 rwxp 00000000 00:00 0 
7f8f18be2000-7f8f26f62000 ---p 00000000 00:00 0 
7f8f26f62000-7f8f26f7c000 r-xp 00000000 08:03 9307762                    /usr/lib/jvm/jdk1.8.0_60/jre/lib/amd64/libzip.so
7f8f26f7c000-7f8f2717c000 ---p 0001a000 08:03 9307762                    /usr/lib/jvm/jdk1.8.0_60/jre/lib/amd64/libzip.so
7f8f2717c000-7f8f2717d000 rw-p 0001a000 08:03 9307762                    /usr/lib/jvm/jdk1.8.0_60/jre/lib/amd64/libzip.so
7f8f2717d000-7f8f27188000 r-xp 00000000 08:03 9831477                    /lib/x86_64-linux-gnu/libnss_files-2.23.so
7f8f27188000-7f8f27387000 ---p 0000b000 08:03 9831477                    /lib/x86_64-linux-gnu/libnss_files-2.23.so
7f8f27387000-7f8f27388000 r--p 0000a000 08:03 9831477                    /lib/x86_64-linux-gnu/libnss_files-2.23.so
7f8f27388000-7f8f27389000 rw-p 0000b000 08:03 9831477                    /lib/x86_64-linux-gnu/libnss_files-2.23.so
7f8f27389000-7f8f2738f000 rw-p 00000000 00:00 0 
7f8f2738f000-7f8f2739a000 r-xp 00000000 08:03 9831474                    /lib/x86_64-linux-gnu/libnss_nis-2.23.so
7f8f2739a000-7f8f27599000 ---p 0000b000 08:03 9831474                    /lib/x86_64-linux-gnu/libnss_nis-2.23.so
7f8f27599000-7f8f2759a000 r--p 0000a000 08:03 9831474                    /lib/x86_64-linux-gnu/libnss_nis-2.23.so
7f8f2759a000-7f8f2759b000 rw-p 0000b000 08:03 9831474                    /lib/x86_64-linux-gnu/libnss_nis-2.23.so
7f8f2759b000-7f8f275b1000 r-xp 00000000 08:03 9831472                    /lib/x86_64-linux-gnu/libnsl-2.23.so
7f8f275b1000-7f8f277b0000 ---p 00016000 08:03 9831472                    /lib/x86_64-linux-gnu/libnsl-2.23.so
7f8f277b0000-7f8f277b1000 r--p 00015000 08:03 9831472                    /lib/x86_64-linux-gnu/libnsl-2.23.so
7f8f277b1000-7f8f277b2000 rw-p 00016000 08:03 9831472                    /lib/x86_64-linux-gnu/libnsl-2.23.so
7f8f277b2000-7f8f277b4000 rw-p 00000000 00:00 0 
7f8f277b4000-7f8f277bc000 r-xp 00000000 08:03 9831470                    /lib/x86_64-linux-gnu/libnss_compat-2.23.so
7f8f277bc000-7f8f279bb000 ---p 00008000 08:03 9831470                    /lib/x86_64-linux-gnu/libnss_compat-2.23.so
7f8f279bb000-7f8f279bc000 r--p 00007000 08:03 9831470                    /lib/x86_64-linux-gnu/libnss_compat-2.23.so
7f8f279bc000-7f8f279bd000 rw-p 00008000 08:03 9831470                    /lib/x86_64-linux-gnu/libnss_compat-2.23.so
7f8f279bd000-7f8f279e7000 r-xp 00000000 08:03 9307740                    /usr/lib/jvm/jdk1.8.0_60/jre/lib/amd64/libjava.so
7f8f279e7000-7f8f27be7000 ---p 0002a000 08:03 9307740                    /usr/lib/jvm/jdk1.8.0_60/jre/lib/amd64/libjava.so
7f8f27be7000-7f8f27be9000 rw-p 0002a000 08:03 9307740                    /usr/lib/jvm/jdk1.8.0_60/jre/lib/amd64/libjava.so
7f8f27be9000-7f8f27bf6000 r-xp 00000000 08:03 9307756                    /usr/lib/jvm/jdk1.8.0_60/jre/lib/amd64/libverify.so
7f8f27bf6000-7f8f27df6000 ---p 0000d000 08:03 9307756                    /usr/lib/jvm/jdk1.8.0_60/jre/lib/amd64/libverify.so
7f8f27df6000-7f8f27df8000 rw-p 0000d000 08:03 9307756                    /usr/lib/jvm/jdk1.8.0_60/jre/lib/amd64/libverify.so
7f8f27df8000-7f8f27dff000 r-xp 00000000 08:03 9831486                    /lib/x86_64-linux-gnu/librt-2.23.so
7f8f27dff000-7f8f27ffe000 ---p 00007000 08:03 9831486                    /lib/x86_64-linux-gnu/librt-2.23.so
7f8f27ffe000-7f8f27fff000 r--p 00006000 08:03 9831486                    /lib/x86_64-linux-gnu/librt-2.23.so
7f8f27fff000-7f8f28000000 rw-p 00007000 08:03 9831486                    /lib/x86_64-linux-gnu/librt-2.23.so
7f8f28000000-7f8f286e1000 rw-p 00000000 00:00 0 
7f8f286e1000-7f8f2c000000 ---p 00000000 00:00 0 
7f8f2c000000-7f8f2c001000 r--s 00008000 08:03 8260553                    /home/macina/.m2/repository/org/semarglproject/semargl-rdfa/0.6.1/semargl-rdfa-0.6.1.jar
7f8f2c001000-7f8f2c003000 r--s 00004000 08:03 8260554                    /home/macina/.m2/repository/org/semarglproject/semargl-core/0.6.1/semargl-core-0.6.1.jar
7f8f2c003000-7f8f2c005000 r--s 0000a000 08:03 8260173                    /home/macina/.m2/repository/javax/ws/rs/jsr311-api/1.1.1/jsr311-api-1.1.1.jar
7f8f2c005000-7f8f2c01c000 r--s 00110000 08:03 7088859                    /home/macina/.m2/repository/xerces/xercesImpl/2.8.0/xercesImpl-2.8.0.jar
7f8f2c01c000-7f8f2c03d000 rw-p 00000000 00:00 0 
7f8f2c03d000-7f8f2c145000 r-xp 00000000 08:03 9831483                    /lib/x86_64-linux-gnu/libm-2.23.so
7f8f2c145000-7f8f2c344000 ---p 00108000 08:03 9831483                    /lib/x86_64-linux-gnu/libm-2.23.so
7f8f2c344000-7f8f2c345000 r--p 00107000 08:03 9831483                    /lib/x86_64-linux-gnu/libm-2.23.so
7f8f2c345000-7f8f2c346000 rw-p 00108000 08:03 9831483                    /lib/x86_64-linux-gnu/libm-2.23.so
7f8f2c346000-7f8f2d004000 r-xp 00000000 08:03 9307778                    /usr/lib/jvm/jdk1.8.0_60/jre/lib/amd64/server/libjvm.so
7f8f2d004000-7f8f2d203000 ---p 00cbe000 08:03 9307778                    /usr/lib/jvm/jdk1.8.0_60/jre/lib/amd64/server/libjvm.so
7f8f2d203000-7f8f2d2db000 rw-p 00cbd000 08:03 9307778                    /usr/lib/jvm/jdk1.8.0_60/jre/lib/amd64/server/libjvm.so
7f8f2d2db000-7f8f2d320000 rw-p 00000000 00:00 0 
7f8f2d320000-7f8f2d4e0000 r-xp 00000000 08:03 9831491                    /lib/x86_64-linux-gnu/libc-2.23.so
7f8f2d4e0000-7f8f2d6df000 ---p 001c0000 08:03 9831491                    /lib/x86_64-linux-gnu/libc-2.23.so
7f8f2d6df000-7f8f2d6e3000 r--p 001bf000 08:03 9831491                    /lib/x86_64-linux-gnu/libc-2.23.so
7f8f2d6e3000-7f8f2d6e5000 rw-p 001c3000 08:03 9831491                    /lib/x86_64-linux-gnu/libc-2.23.so
7f8f2d6e5000-7f8f2d6e9000 rw-p 00000000 00:00 0 
7f8f2d6e9000-7f8f2d6ec000 r-xp 00000000 08:03 9831492                    /lib/x86_64-linux-gnu/libdl-2.23.so
7f8f2d6ec000-7f8f2d8eb000 ---p 00003000 08:03 9831492                    /lib/x86_64-linux-gnu/libdl-2.23.so
7f8f2d8eb000-7f8f2d8ec000 r--p 00002000 08:03 9831492                    /lib/x86_64-linux-gnu/libdl-2.23.so
7f8f2d8ec000-7f8f2d8ed000 rw-p 00003000 08:03 9831492                    /lib/x86_64-linux-gnu/libdl-2.23.so
7f8f2d8ed000-7f8f2d902000 r-xp 00000000 08:03 9306823                    /usr/lib/jvm/jdk1.8.0_60/lib/amd64/jli/libjli.so
7f8f2d902000-7f8f2db02000 ---p 00015000 08:03 9306823                    /usr/lib/jvm/jdk1.8.0_60/lib/amd64/jli/libjli.so
7f8f2db02000-7f8f2db03000 rw-p 00015000 08:03 9306823                    /usr/lib/jvm/jdk1.8.0_60/lib/amd64/jli/libjli.so
7f8f2db03000-7f8f2db1b000 r-xp 00000000 08:03 9831490                    /lib/x86_64-linux-gnu/libpthread-2.23.so
7f8f2db1b000-7f8f2dd1a000 ---p 00018000 08:03 9831490                    /lib/x86_64-linux-gnu/libpthread-2.23.so
7f8f2dd1a000-7f8f2dd1b000 r--p 00017000 08:03 9831490                    /lib/x86_64-linux-gnu/libpthread-2.23.so
7f8f2dd1b000-7f8f2dd1c000 rw-p 00018000 08:03 9831490                    /lib/x86_64-linux-gnu/libpthread-2.23.so
7f8f2dd1c000-7f8f2dd20000 rw-p 00000000 00:00 0 
7f8f2dd20000-7f8f2dd46000 r-xp 00000000 08:03 9831487                    /lib/x86_64-linux-gnu/ld-2.23.so
7f8f2dd46000-7f8f2dd63000 r--s 003d2000 08:03 8260552                    /home/macina/.m2/repository/com/ibm/icu/icu4j/3.6.1/icu4j-3.6.1.jar
7f8f2dd63000-7f8f2dd66000 r--s 00019000 08:03 8129343                    /home/macina/.m2/repository/fr/com/hp/hpl/jena/rdf/arp/arp/2.2.b/arp-2.2.b.jar
7f8f2dd66000-7f8f2de10000 rw-p 00000000 00:00 0 
7f8f2de10000-7f8f2de13000 ---p 00000000 00:00 0 
7f8f2de13000-7f8f2df15000 rw-p 00000000 00:00 0 
7f8f2df15000-7f8f2df17000 r--s 00008000 08:03 8392534                    /home/macina/.m2/repository/fr/inria/wimmics/engine/3.2.1-SNAPSHOT/engine-3.2.1-SNAPSHOT.jar
7f8f2df17000-7f8f2df18000 r--s 00006000 08:03 8389101                    /home/macina/.m2/repository/fr/inria/wimmics/kgengine/3.2.1-SNAPSHOT/kgengine-3.2.1-SNAPSHOT.jar
7f8f2df18000-7f8f2df39000 rw-p 00000000 00:00 0 
7f8f2df39000-7f8f2df41000 rw-s 00000000 08:03 11428814                   /tmp/hsperfdata_macina/22740
7f8f2df41000-7f8f2df42000 rw-p 00000000 00:00 0 
7f8f2df42000-7f8f2df43000 ---p 00000000 00:00 0 
7f8f2df43000-7f8f2df45000 rw-p 00000000 00:00 0 
7f8f2df45000-7f8f2df46000 r--p 00025000 08:03 9831487                    /lib/x86_64-linux-gnu/ld-2.23.so
7f8f2df46000-7f8f2df47000 rw-p 00026000 08:03 9831487                    /lib/x86_64-linux-gnu/ld-2.23.so
7f8f2df47000-7f8f2df48000 rw-p 00000000 00:00 0 
7ffe6c47e000-7ffe6c4a0000 rw-p 00000000 00:00 0                          [stack]
7ffe6c575000-7ffe6c577000 r--p 00000000 00:00 0                          [vvar]
7ffe6c577000-7ffe6c579000 r-xp 00000000 00:00 0                          [vdso]
ffffffffff600000-ffffffffff601000 r-xp 00000000 00:00 0                  [vsyscall]

VM Arguments:
java_command: fr.inria.edelweiss.kgdqp.test.TestDQP -tc ls -r 0
java_class_path (initial): /home/macina/NetBeansProjects/corese-dqp/kg-dqp/target/classes:/home/macina/.m2/repository/fr/inria/wimmics/kgengine/3.2.1-SNAPSHOT/kgengine-3.2.1-SNAPSHOT.jar:/home/macina/.m2/repository/fr/com/hp/hpl/jena/rdf/arp/arp/2.2.b/arp-2.2.b.jar:/home/macina/.m2/repository/fr/inria/wimmics/engine/3.2.1-SNAPSHOT/engine-3.2.1-SNAPSHOT.jar:/home/macina/.m2/repository/com/ibm/icu/icu4j/3.6.1/icu4j-3.6.1.jar:/home/macina/NetBeansProjects/corese-dqp/kgtool/target/classes:/home/macina/.m2/repository/xerces/xercesImpl/2.8.0/xercesImpl-2.8.0.jar:/home/macina/.m2/repository/com/sun/jersey/jersey-bundle/1.15/jersey-bundle-1.15.jar:/home/macina/.m2/repository/javax/ws/rs/jsr311-api/1.1.1/jsr311-api-1.1.1.jar:/home/macina/.m2/repository/org/semarglproject/semargl-core/0.6.1/semargl-core-0.6.1.jar:/home/macina/.m2/repository/org/openrdf/sesame/sesame-rio-api/2.8.0-beta2/sesame-rio-api-2.8.0-beta2.jar:/home/macina/.m2/repository/org/openrdf/sesame/sesame-util/2.8.0-beta2/sesame-util-2.8.0-beta2.jar:/home/macina/.m2/repository/org/openrdf/sesame/sesame-model/2.8.0-beta2/sesame-model-2.8.0-beta2.jar:/home/macina/.m2/repository/org/semarglproject/semargl-rdfa/0.6.1/semargl-rdfa-0.6.1.jar:/home/macina/.m2/repository/org/semarglproject/semargl-rdf/0.6.1/semargl-rdf-0.6.1.jar:/home/macina/.m2/repository/com/github/jsonld-java/jsonld-java/0.3/jsonld-java-0.3.jar:/home/macina/.m2/repository/com/fasterxml/jackson/core/jackson-core/2.3.1/jackson-core-2.3.1.jar:/home/macina/.m2/repository/com/fasterxml/jackson/core/jackson-databind/2.3.1/jackson-databind-2.3.1.jar:/home/macina/.m2/repository/com/fasterxml/jackson/core/jackson-annotations/2.3.0/jackson-annotations-2.3.0.jar:/home/macina/.m2/repository/org/apache/httpcomponents/httpclient/4.2.5/httpclient-4.2.5.jar:/home/macina/.m2/repository/org/apache/httpcomponents/httpcore/4.2.4/httpcore-4.2.4.jar:/home/macina/.m2/repository/commons-logging/commons-logging/1.1.1/commons-logging-1.1.1.jar:/home/macina/.m2/repository/co
Launcher Type: SUN_STANDARD

Environment Variables:
JAVA_HOME=/usr/lib/jvm/jdk1.8.0_60
PATH=/usr/local/sbin:/usr/local/bin:/usr/sbin:/usr/bin:/sbin:/bin:/usr/games:/usr/local/games:/snap/bin:/usr/lib/jvm/java-8-oracle/bin:/usr/lib/jvm/java-8-oracle/db/bin:/usr/lib/jvm/java-8-oracle/jre/bin
USERNAME=macina
LD_LIBRARY_PATH=/usr/lib/jvm/jdk1.8.0_60/jre/lib/amd64:/usr/lib/jvm/jdk1.8.0_60/jre/lib/i386:
SHELL=/bin/bash
DISPLAY=:1

Signal Handlers:
SIGSEGV: [libjvm.so+0xaba070], sa_mask[0]=11111111011111111101111111111110, sa_flags=SA_RESTART|SA_SIGINFO
SIGBUS: [libjvm.so+0xaba070], sa_mask[0]=11111111011111111101111111111110, sa_flags=SA_RESTART|SA_SIGINFO
SIGFPE: [libjvm.so+0x917630], sa_mask[0]=11111111011111111101111111111110, sa_flags=SA_RESTART|SA_SIGINFO
SIGPIPE: [libjvm.so+0x917630], sa_mask[0]=11111111011111111101111111111110, sa_flags=SA_RESTART|SA_SIGINFO
SIGXFSZ: [libjvm.so+0x917630], sa_mask[0]=11111111011111111101111111111110, sa_flags=SA_RESTART|SA_SIGINFO
SIGILL: [libjvm.so+0x917630], sa_mask[0]=11111111011111111101111111111110, sa_flags=SA_RESTART|SA_SIGINFO
SIGUSR1: SIG_DFL, sa_mask[0]=00000000000000000000000000000000, sa_flags=none
SIGUSR2: [libjvm.so+0x918c60], sa_mask[0]=00100000000000000000000000000000, sa_flags=SA_RESTART|SA_SIGINFO
SIGHUP: [libjvm.so+0x91a060], sa_mask[0]=11111111011111111101111111111110, sa_flags=SA_RESTART|SA_SIGINFO
SIGINT: SIG_IGN, sa_mask[0]=00000000000000000000000000000000, sa_flags=none
SIGTERM: [libjvm.so+0x91a060], sa_mask[0]=11111111011111111101111111111110, sa_flags=SA_RESTART|SA_SIGINFO
SIGQUIT: [libjvm.so+0x91a060], sa_mask[0]=11111111011111111101111111111110, sa_flags=SA_RESTART|SA_SIGINFO


---------------  S Y S T E M  ---------------

OS:DISTRIB_ID=Ubuntu
DISTRIB_RELEASE=16.04
DISTRIB_CODENAME=xenial
DISTRIB_DESCRIPTION="Ubuntu 16.04.1 LTS"

uname:Linux 4.4.0-31-generic #50-Ubuntu SMP Wed Jul 13 00:07:12 UTC 2016 x86_64
libc:glibc 2.23 NPTL 2.23 
rlimit: STACK 8192k, CORE 0k, NPROC 31537, NOFILE 65536, AS infinity
load average:3,74 1,46 1,16

/proc/meminfo:
MemTotal:        8112616 kB
MemFree:          161664 kB
MemAvailable:     122960 kB
Buffers:            1424 kB
Cached:           114164 kB
SwapCached:        14468 kB
Active:          6083560 kB
Inactive:        1244768 kB
Active(anon):    6044904 kB
Inactive(anon):  1217160 kB
Active(file):      38656 kB
Inactive(file):    27608 kB
Unevictable:          44 kB
Mlocked:              44 kB
SwapTotal:      16650236 kB
SwapFree:          68188 kB
Dirty:                36 kB
Writeback:             0 kB
AnonPages:       7199752 kB
Mapped:           106240 kB
Shmem:             48632 kB
Slab:             194220 kB
SReclaimable:     128084 kB
SUnreclaim:        66136 kB
KernelStack:       17072 kB
PageTables:       130228 kB
NFS_Unstable:          0 kB
Bounce:                0 kB
WritebackTmp:          0 kB
CommitLimit:    20706544 kB
Committed_AS:   45997552 kB
VmallocTotal:   34359738367 kB
VmallocUsed:           0 kB
VmallocChunk:          0 kB
HardwareCorrupted:     0 kB
AnonHugePages:    382976 kB
CmaTotal:              0 kB
CmaFree:               0 kB
HugePages_Total:       0
HugePages_Free:        0
HugePages_Rsvd:        0
HugePages_Surp:        0
Hugepagesize:       2048 kB
DirectMap4k:     2600352 kB
DirectMap2M:     5726208 kB


CPU:total 8 (4 cores per cpu, 2 threads per core) family 6 model 58 stepping 9, cmov, cx8, fxsr, mmx, sse, sse2, sse3, ssse3, sse4.1, sse4.2, popcnt, avx, aes, clmul, erms, ht, tsc, tscinvbit, tscinv

/proc/cpuinfo:
processor	: 0
vendor_id	: GenuineIntel
cpu family	: 6
model		: 58
model name	: Intel(R) Core(TM) i7-3740QM CPU @ 2.70GHz
stepping	: 9
microcode	: 0x15
cpu MHz		: 1725.785
cache size	: 6144 KB
physical id	: 0
siblings	: 8
core id		: 0
cpu cores	: 4
apicid		: 0
initial apicid	: 0
fpu		: yes
fpu_exception	: yes
cpuid level	: 13
wp		: yes
flags		: fpu vme de pse tsc msr pae mce cx8 apic sep mtrr pge mca cmov pat pse36 clflush dts acpi mmx fxsr sse sse2 ss ht tm pbe syscall nx rdtscp lm constant_tsc arch_perfmon pebs bts rep_good nopl xtopology nonstop_tsc aperfmperf eagerfpu pni pclmulqdq dtes64 monitor ds_cpl vmx smx est tm2 ssse3 cx16 xtpr pdcm pcid sse4_1 sse4_2 x2apic popcnt tsc_deadline_timer aes xsave avx f16c rdrand lahf_lm epb tpr_shadow vnmi flexpriority ept vpid fsgsbase smep erms xsaveopt dtherm ida arat pln pts
bugs		:
bogomips	: 5382.49
clflush size	: 64
cache_alignment	: 64
address sizes	: 36 bits physical, 48 bits virtual
power management:

processor	: 1
vendor_id	: GenuineIntel
cpu family	: 6
model		: 58
model name	: Intel(R) Core(TM) i7-3740QM CPU @ 2.70GHz
stepping	: 9
microcode	: 0x15
cpu MHz		: 1787.589
cache size	: 6144 KB
physical id	: 0
siblings	: 8
core id		: 1
cpu cores	: 4
apicid		: 2
initial apicid	: 2
fpu		: yes
fpu_exception	: yes
cpuid level	: 13
wp		: yes
flags		: fpu vme de pse tsc msr pae mce cx8 apic sep mtrr pge mca cmov pat pse36 clflush dts acpi mmx fxsr sse sse2 ss ht tm pbe syscall nx rdtscp lm constant_tsc arch_perfmon pebs bts rep_good nopl xtopology nonstop_tsc aperfmperf eagerfpu pni pclmulqdq dtes64 monitor ds_cpl vmx smx est tm2 ssse3 cx16 xtpr pdcm pcid sse4_1 sse4_2 x2apic popcnt tsc_deadline_timer aes xsave avx f16c rdrand lahf_lm epb tpr_shadow vnmi flexpriority ept vpid fsgsbase smep erms xsaveopt dtherm ida arat pln pts
bugs		:
bogomips	: 5382.49
clflush size	: 64
cache_alignment	: 64
address sizes	: 36 bits physical, 48 bits virtual
power management:

processor	: 2
vendor_id	: GenuineIntel
cpu family	: 6
model		: 58
model name	: Intel(R) Core(TM) i7-3740QM CPU @ 2.70GHz
stepping	: 9
microcode	: 0x15
cpu MHz		: 1767.867
cache size	: 6144 KB
physical id	: 0
siblings	: 8
core id		: 2
cpu cores	: 4
apicid		: 4
initial apicid	: 4
fpu		: yes
fpu_exception	: yes
cpuid level	: 13
wp		: yes
flags		: fpu vme de pse tsc msr pae mce cx8 apic sep mtrr pge mca cmov pat pse36 clflush dts acpi mmx fxsr sse sse2 ss ht tm pbe syscall nx rdtscp lm constant_tsc arch_perfmon pebs bts rep_good nopl xtopology nonstop_tsc aperfmperf eagerfpu pni pclmulqdq dtes64 monitor ds_cpl vmx smx est tm2 ssse3 cx16 xtpr pdcm pcid sse4_1 sse4_2 x2apic popcnt tsc_deadline_timer aes xsave avx f16c rdrand lahf_lm epb tpr_shadow vnmi flexpriority ept vpid fsgsbase smep erms xsaveopt dtherm ida arat pln pts
bugs		:
bogomips	: 5382.49
clflush size	: 64
cache_alignment	: 64
address sizes	: 36 bits physical, 48 bits virtual
power management:

processor	: 3
vendor_id	: GenuineIntel
cpu family	: 6
model		: 58
model name	: Intel(R) Core(TM) i7-3740QM CPU @ 2.70GHz
stepping	: 9
microcode	: 0x15
cpu MHz		: 1799.929
cache size	: 6144 KB
physical id	: 0
siblings	: 8
core id		: 3
cpu cores	: 4
apicid		: 6
initial apicid	: 6
fpu		: yes
fpu_exception	: yes
cpuid level	: 13
wp		: yes
flags		: fpu vme de pse tsc msr pae mce cx8 apic sep mtrr pge mca cmov pat pse36 clflush dts acpi mmx fxsr sse sse2 ss ht tm pbe syscall nx rdtscp lm constant_tsc arch_perfmon pebs bts rep_good nopl xtopology nonstop_tsc aperfmperf eagerfpu pni pclmulqdq dtes64 monitor ds_cpl vmx smx est tm2 ssse3 cx16 xtpr pdcm pcid sse4_1 sse4_2 x2apic popcnt tsc_deadline_timer aes xsave avx f16c rdrand lahf_lm epb tpr_shadow vnmi flexpriority ept vpid fsgsbase smep erms xsaveopt dtherm ida arat pln pts
bugs		:
bogomips	: 5382.49
clflush size	: 64
cache_alignment	: 64
address sizes	: 36 bits physical, 48 bits virtual
power management:

processor	: 4
vendor_id	: GenuineIntel
cpu family	: 6
model		: 58
model name	: Intel(R) Core(TM) i7-3740QM CPU @ 2.70GHz
stepping	: 9
microcode	: 0x15
cpu MHz		: 1626.644
cache size	: 6144 KB
physical id	: 0
siblings	: 8
core id		: 0
cpu cores	: 4
apicid		: 1
initial apicid	: 1
fpu		: yes
fpu_exception	: yes
cpuid level	: 13
wp		: yes
flags		: fpu vme de pse tsc msr pae mce cx8 apic sep mtrr pge mca cmov pat pse36 clflush dts acpi mmx fxsr sse sse2 ss ht tm pbe syscall nx rdtscp lm constant_tsc arch_perfmon pebs bts rep_good nopl xtopology nonstop_tsc aperfmperf eagerfpu pni pclmulqdq dtes64 monitor ds_cpl vmx smx est tm2 ssse3 cx16 xtpr pdcm pcid sse4_1 sse4_2 x2apic popcnt tsc_deadline_timer aes xsave avx f16c rdrand lahf_lm epb tpr_shadow vnmi flexpriority ept vpid fsgsbase smep erms xsaveopt dtherm ida arat pln pts
bugs		:
bogomips	: 5382.49
clflush size	: 64
cache_alignment	: 64
address sizes	: 36 bits physical, 48 bits virtual
power management:

processor	: 5
vendor_id	: GenuineIntel
cpu family	: 6
model		: 58
model name	: Intel(R) Core(TM) i7-3740QM CPU @ 2.70GHz
stepping	: 9
microcode	: 0x15
cpu MHz		: 1797.714
cache size	: 6144 KB
physical id	: 0
siblings	: 8
core id		: 1
cpu cores	: 4
apicid		: 3
initial apicid	: 3
fpu		: yes
fpu_exception	: yes
cpuid level	: 13
wp		: yes
flags		: fpu vme de pse tsc msr pae mce cx8 apic sep mtrr pge mca cmov pat pse36 clflush dts acpi mmx fxsr sse sse2 ss ht tm pbe syscall nx rdtscp lm constant_tsc arch_perfmon pebs bts rep_good nopl xtopology nonstop_tsc aperfmperf eagerfpu pni pclmulqdq dtes64 monitor ds_cpl vmx smx est tm2 ssse3 cx16 xtpr pdcm pcid sse4_1 sse4_2 x2apic popcnt tsc_deadline_timer aes xsave avx f16c rdrand lahf_lm epb tpr_shadow vnmi flexpriority ept vpid fsgsbase smep erms xsaveopt dtherm ida arat pln pts
bugs		:
bogomips	: 5382.49
clflush size	: 64
cache_alignment	: 64
address sizes	: 36 bits physical, 48 bits virtual
power management:

processor	: 6
vendor_id	: GenuineIntel
cpu family	: 6
model		: 58
model name	: Intel(R) Core(TM) i7-3740QM CPU @ 2.70GHz
stepping	: 9
microcode	: 0x15
cpu MHz		: 1799.929
cache size	: 6144 KB
physical id	: 0
siblings	: 8
core id		: 2
cpu cores	: 4
apicid		: 5
initial apicid	: 5
fpu		: yes
fpu_exception	: yes
cpuid level	: 13
wp		: yes
flags		: fpu vme de pse tsc msr pae mce cx8 apic sep mtrr pge mca cmov pat pse36 clflush dts acpi mmx fxsr sse sse2 ss ht tm pbe syscall nx rdtscp lm constant_tsc arch_perfmon pebs bts rep_good nopl xtopology nonstop_tsc aperfmperf eagerfpu pni pclmulqdq dtes64 monitor ds_cpl vmx smx est tm2 ssse3 cx16 xtpr pdcm pcid sse4_1 sse4_2 x2apic popcnt tsc_deadline_timer aes xsave avx f16c rdrand lahf_lm epb tpr_shadow vnmi flexpriority ept vpid fsgsbase smep erms xsaveopt dtherm ida arat pln pts
bugs		:
bogomips	: 5382.49
clflush size	: 64
cache_alignment	: 64
address sizes	: 36 bits physical, 48 bits virtual
power management:

processor	: 7
vendor_id	: GenuineIntel
cpu family	: 6
model		: 58
model name	: Intel(R) Core(TM) i7-3740QM CPU @ 2.70GHz
stepping	: 9
microcode	: 0x15
cpu MHz		: 1799.929
cache size	: 6144 KB
physical id	: 0
siblings	: 8
core id		: 3
cpu cores	: 4
apicid		: 7
initial apicid	: 7
fpu		: yes
fpu_exception	: yes
cpuid level	: 13
wp		: yes
flags		: fpu vme de pse tsc msr pae mce cx8 apic sep mtrr pge mca cmov pat pse36 clflush dts acpi mmx fxsr sse sse2 ss ht tm pbe syscall nx rdtscp lm constant_tsc arch_perfmon pebs bts rep_good nopl xtopology nonstop_tsc aperfmperf eagerfpu pni pclmulqdq dtes64 monitor ds_cpl vmx smx est tm2 ssse3 cx16 xtpr pdcm pcid sse4_1 sse4_2 x2apic popcnt tsc_deadline_timer aes xsave avx f16c rdrand lahf_lm epb tpr_shadow vnmi flexpriority ept vpid fsgsbase smep erms xsaveopt dtherm ida arat pln pts
bugs		:
bogomips	: 5382.49
clflush size	: 64
cache_alignment	: 64
address sizes	: 36 bits physical, 48 bits virtual
power management:



Memory: 4k page, physical 8112616k(161416k free), swap 16650236k(68224k free)

vm_info: Java HotSpot(TM) 64-Bit Server VM (25.60-b23) for linux-amd64 JRE (1.8.0_60-b27), built on Aug  4 2015 12:19:40 by "java_re" with gcc 4.3.0 20080428 (Red Hat 4.3.0-8)

time: Tue Aug  2 18:11:56 2016
elapsed time: 23 seconds (0d 0h 0m 23s)

