#
# There is insufficient memory for the Java Runtime Environment to continue.
# Native memory allocation (mmap) failed to map 134742016 bytes for committing reserved memory.
# Possible reasons:
#   The system is out of physical RAM or swap space
#   In 32 bit mode, the process size limit was hit
# Possible solutions:
#   Reduce memory load on the system
#   Increase physical memory or swap space
#   Check if swap backing store is full
#   Use 64 bit Java on a 64 bit OS
#   Decrease Java heap size (-Xmx/-Xms)
#   Decrease number of Java threads
#   Decrease Java thread stack sizes (-Xss)
#   Set larger code cache with -XX:ReservedCodeCacheSize=
# This output file may be truncated or incomplete.
#
#  Out of Memory Error (os_linux.cpp:2627), pid=28788, tid=140410309994240
#
# JRE version: Java(TM) SE Runtime Environment (8.0_60-b27) (build 1.8.0_60-b27)
# Java VM: Java HotSpot(TM) 64-Bit Server VM (25.60-b23 mixed mode linux-amd64 compressed oops)
# Failed to write core dump. Core dumps have been disabled. To enable core dumping, try "ulimit -c unlimited" before starting Java again
#

---------------  T H R E A D  ---------------

Current thread (0x00007fb3f8081000):  VMThread [stack: 0x00007fb3d2966000,0x00007fb3d2a67000] [id=28801]

Stack: [0x00007fb3d2966000,0x00007fb3d2a67000],  sp=0x00007fb3d2a651a0,  free space=1020k
Native frames: (J=compiled Java code, j=interpreted, Vv=VM code, C=native code)
V  [libjvm.so+0xab97ea]  VMError::report_and_die()+0x2ba
V  [libjvm.so+0x4f9dab]  report_vm_out_of_memory(char const*, int, unsigned long, VMErrorType, char const*)+0x8b
V  [libjvm.so+0x91a7c3]  os::Linux::commit_memory_impl(char*, unsigned long, bool)+0x103
V  [libjvm.so+0x91ad19]  os::pd_commit_memory(char*, unsigned long, unsigned long, bool)+0x29
V  [libjvm.so+0x91502a]  os::commit_memory(char*, unsigned long, unsigned long, bool)+0x2a
V  [libjvm.so+0x9886d3]  PSVirtualSpace::expand_by(unsigned long)+0x53
V  [libjvm.so+0x978fc0]  PSOldGen::expand(unsigned long)+0x170
V  [libjvm.so+0x9791cb]  PSOldGen::resize(unsigned long)+0x1cb
V  [libjvm.so+0x980ea1]  PSParallelCompact::invoke_no_policy(bool)+0x991
V  [libjvm.so+0x9867fd]  PSScavenge::invoke()+0x1ad
V  [libjvm.so+0x93e430]  ParallelScavengeHeap::failed_mem_allocate(unsigned long)+0x70
V  [libjvm.so+0xabb207]  VM_ParallelGCFailedAllocation::doit()+0x97
V  [libjvm.so+0xac2c35]  VM_Operation::evaluate()+0x55
V  [libjvm.so+0xac100a]  VMThread::evaluate_operation(VM_Operation*)+0xba
V  [libjvm.so+0xac138e]  VMThread::loop()+0x1ce
V  [libjvm.so+0xac1800]  VMThread::run()+0x70
V  [libjvm.so+0x91cb88]  java_start(Thread*)+0x108

VM_Operation (0x00007fb3d19fb470): ParallelGCFailedAllocation, mode: safepoint, requested by thread 0x00007fb3f84ef000


---------------  P R O C E S S  ---------------

Java Threads: ( => current thread )
  0x00007fb3f84ef800 JavaThread "pool-1-thread-3" [_thread_blocked, id=28813, stack(0x00007fb3d17fc000,0x00007fb3d18fd000)]
  0x00007fb3f84ef000 JavaThread "pool-1-thread-2" [_thread_blocked, id=28812, stack(0x00007fb3d18fd000,0x00007fb3d19fe000)]
  0x00007fb3f84f2800 JavaThread "pool-1-thread-1" [_thread_blocked, id=28811, stack(0x00007fb3d19fe000,0x00007fb3d1aff000)]
  0x00007fb3f80cb800 JavaThread "Service Thread" daemon [_thread_blocked, id=28809, stack(0x00007fb3d1e81000,0x00007fb3d1f82000)]
  0x00007fb3f80c6000 JavaThread "C1 CompilerThread3" daemon [_thread_blocked, id=28808, stack(0x00007fb3d1f82000,0x00007fb3d2083000)]
  0x00007fb3f80c4000 JavaThread "C2 CompilerThread2" daemon [_thread_blocked, id=28807, stack(0x00007fb3d2083000,0x00007fb3d2184000)]
  0x00007fb3f80c2800 JavaThread "C2 CompilerThread1" daemon [_thread_blocked, id=28806, stack(0x00007fb3d2184000,0x00007fb3d2285000)]
  0x00007fb3f80c0000 JavaThread "C2 CompilerThread0" daemon [_thread_blocked, id=28805, stack(0x00007fb3d2285000,0x00007fb3d2386000)]
  0x00007fb3f80be800 JavaThread "Signal Dispatcher" daemon [_thread_blocked, id=28804, stack(0x00007fb3d2386000,0x00007fb3d2487000)]
  0x00007fb3f8088000 JavaThread "Finalizer" daemon [_thread_blocked, id=28803, stack(0x00007fb3d2764000,0x00007fb3d2865000)]
  0x00007fb3f8086000 JavaThread "Reference Handler" daemon [_thread_blocked, id=28802, stack(0x00007fb3d2865000,0x00007fb3d2966000)]
  0x00007fb3f800b000 JavaThread "main" [_thread_blocked, id=28790, stack(0x00007fb4003d9000,0x00007fb4004da000)]

Other Threads:
=>0x00007fb3f8081000 VMThread [stack: 0x00007fb3d2966000,0x00007fb3d2a67000] [id=28801]
  0x00007fb3f80ce000 WatcherThread [stack: 0x00007fb3d1d80000,0x00007fb3d1e81000] [id=28810]

VM state:at safepoint (normal execution)

VM Mutex/Monitor currently owned by a thread:  ([mutex/lock_event])
[0x00007fb3f8006df0] ExpandHeap_lock - owner thread: 0x00007fb3f8081000
[0x00007fb3f8007470] Threads_lock - owner thread: 0x00007fb3f8081000
[0x00007fb3f8007970] Heap_lock - owner thread: 0x00007fb3f84ef000

Heap:
 PSYoungGen      total 281600K, used 4059K [0x00000000d6b80000, 0x00000000f1980000, 0x0000000100000000)
  eden space 234496K, 0% used [0x00000000d6b80000,0x00000000d6b80000,0x00000000e5080000)
  from space 47104K, 8% used [0x00000000e5080000,0x00000000e5476c28,0x00000000e7e80000)
  to   space 77824K, 0% used [0x00000000ecd80000,0x00000000ecd80000,0x00000000f1980000)
 ParOldGen       total 139776K, used 139288K [0x0000000084200000, 0x000000008ca80000, 0x00000000d6b80000)
  object space 139776K, 99% used [0x0000000084200000,0x000000008ca060f8,0x000000008ca80000)
 Metaspace       used 13195K, capacity 13332K, committed 13440K, reserved 1060864K
  class space    used 1347K, capacity 1369K, committed 1408K, reserved 1048576K

Card table byte_map: [0x00007fb3fcdc8000,0x00007fb3fd1a8000] byte_map_base: 0x00007fb3fc9a7000

Marking Bits: (ParMarkBitMap*) 0x00007fb3ff8bdde0
 Begin Bits: [0x00007fb3d8210000, 0x00007fb3da108000)
 End Bits:   [0x00007fb3da108000, 0x00007fb3dc000000)

Polling page: 0x00007fb40050b000

CodeCache: size=245760Kb used=10177Kb max_used=10189Kb free=235582Kb
 bounds [0x00007fb3e9000000, 0x00007fb3e9a00000, 0x00007fb3f8000000]
 total_blobs=2974 nmethods=2651 adapters=236
 compilation: enabled

Compilation events (10 events):
Event: 19,428 Thread 0x00007fb3f80c0000 2809   !   4       fr.inria.acacia.corese.cg.datatype.CoreseDatatype::create (45 bytes)
Event: 19,474 Thread 0x00007fb3f80c0000 nmethod 2809 0x00007fb3e99f26d0 code [0x00007fb3e99f2840, 0x00007fb3e99f2bb8]
Event: 19,475 Thread 0x00007fb3f80c0000 2808       4       fr.inria.acacia.corese.cg.datatype.DatatypeMap::getMapping (36 bytes)
Event: 19,502 Thread 0x00007fb3f80c2800 nmethod 2807 0x00007fb3e99fd550 code [0x00007fb3e99fd780, 0x00007fb3e99fe590]
Event: 19,502 Thread 0x00007fb3f80c2800 2810       4       fr.inria.acacia.corese.triple.parser.ASTQuery::createConstant (37 bytes)
Event: 19,506 Thread 0x00007fb3f80c2800 nmethod 2810 0x00007fb3e99ee950 code [0x00007fb3e99eeac0, 0x00007fb3e99eec48]
Event: 19,520 Thread 0x00007fb3f80c0000 nmethod 2808 0x00007fb3e99f3b10 code [0x00007fb3e99f3ca0, 0x00007fb3e99f4418]
Event: 19,715 Thread 0x00007fb3f80c2800 2812       4       fr.inria.edelweiss.kgenv.parser.Transformer::template (95 bytes)
Event: 19,717 Thread 0x00007fb3f80c2800 nmethod 2812 0x00007fb3e99ee5d0 code [0x00007fb3e99ee720, 0x00007fb3e99ee7b8]
Event: 19,717 Thread 0x00007fb3f80c2800 2813       4       fr.inria.edelweiss.kgenv.parser.Transformer::compile (69 bytes)

GC Heap History (10 events):
Event: 11,601 GC heap after
Heap after GC invocations=4 (full 0):
 PSYoungGen      total 132096K, used 5096K [0x00000000d6b80000, 0x00000000df180000, 0x0000000100000000)
  eden space 126976K, 0% used [0x00000000d6b80000,0x00000000d6b80000,0x00000000de780000)
  from space 5120K, 99% used [0x00000000dec80000,0x00000000df17a100,0x00000000df180000)
  to   space 5120K, 0% used [0x00000000de780000,0x00000000de780000,0x00000000dec80000)
 ParOldGen       total 84992K, used 18972K [0x0000000084200000, 0x0000000089500000, 0x00000000d6b80000)
  object space 84992K, 22% used [0x0000000084200000,0x0000000085487338,0x0000000089500000)
 Metaspace       used 12880K, capacity 13012K, committed 13184K, reserved 1060864K
  class space    used 1347K, capacity 1369K, committed 1408K, reserved 1048576K
}
Event: 15,052 GC heap before
{Heap before GC invocations=5 (full 0):
 PSYoungGen      total 132096K, used 132072K [0x00000000d6b80000, 0x00000000df180000, 0x0000000100000000)
  eden space 126976K, 100% used [0x00000000d6b80000,0x00000000de780000,0x00000000de780000)
  from space 5120K, 99% used [0x00000000dec80000,0x00000000df17a100,0x00000000df180000)
  to   space 5120K, 0% used [0x00000000de780000,0x00000000de780000,0x00000000dec80000)
 ParOldGen       total 84992K, used 18972K [0x0000000084200000, 0x0000000089500000, 0x00000000d6b80000)
  object space 84992K, 22% used [0x0000000084200000,0x0000000085487338,0x0000000089500000)
 Metaspace       used 13167K, capacity 13268K, committed 13440K, reserved 1060864K
  class space    used 1347K, capacity 1369K, committed 1408K, reserved 1048576K
Event: 15,225 GC heap after
Heap after GC invocations=5 (full 0):
 PSYoungGen      total 132096K, used 5112K [0x00000000d6b80000, 0x00000000eb080000, 0x0000000100000000)
  eden space 126976K, 0% used [0x00000000d6b80000,0x00000000d6b80000,0x00000000de780000)
  from space 5120K, 99% used [0x00000000de780000,0x00000000dec7e0f0,0x00000000dec80000)
  to   space 39424K, 0% used [0x00000000e8a00000,0x00000000e8a00000,0x00000000eb080000)
 ParOldGen       total 84992K, used 53364K [0x0000000084200000, 0x0000000089500000, 0x00000000d6b80000)
  object space 84992K, 62% used [0x0000000084200000,0x000000008761d378,0x0000000089500000)
 Metaspace       used 13167K, capacity 13268K, committed 13440K, reserved 1060864K
  class space    used 1347K, capacity 1369K, committed 1408K, reserved 1048576K
}
Event: 15,226 GC heap before
{Heap before GC invocations=6 (full 1):
 PSYoungGen      total 132096K, used 5112K [0x00000000d6b80000, 0x00000000eb080000, 0x0000000100000000)
  eden space 126976K, 0% used [0x00000000d6b80000,0x00000000d6b80000,0x00000000de780000)
  from space 5120K, 99% used [0x00000000de780000,0x00000000dec7e0f0,0x00000000dec80000)
  to   space 39424K, 0% used [0x00000000e8a00000,0x00000000e8a00000,0x00000000eb080000)
 ParOldGen       total 84992K, used 53364K [0x0000000084200000, 0x0000000089500000, 0x00000000d6b80000)
  object space 84992K, 62% used [0x0000000084200000,0x000000008761d378,0x0000000089500000)
 Metaspace       used 13167K, capacity 13268K, committed 13440K, reserved 1060864K
  class space    used 1347K, capacity 1369K, committed 1408K, reserved 1048576K
Event: 16,400 GC heap after
Heap after GC invocations=6 (full 1):
 PSYoungGen      total 132096K, used 0K [0x00000000d6b80000, 0x00000000eb080000, 0x0000000100000000)
  eden space 126976K, 0% used [0x00000000d6b80000,0x00000000d6b80000,0x00000000de780000)
  from space 5120K, 0% used [0x00000000de780000,0x00000000de780000,0x00000000dec80000)
  to   space 39424K, 0% used [0x00000000e8a00000,0x00000000e8a00000,0x00000000eb080000)
 ParOldGen       total 139776K, used 56612K [0x0000000084200000, 0x000000008ca80000, 0x00000000d6b80000)
  object space 139776K, 40% used [0x0000000084200000,0x00000000879492c8,0x000000008ca80000)
 Metaspace       used 13167K, capacity 13268K, committed 13440K, reserved 1060864K
  class space    used 1347K, capacity 1369K, committed 1408K, reserved 1048576K
}
Event: 17,633 GC heap before
{Heap before GC invocations=7 (full 1):
 PSYoungGen      total 132096K, used 126976K [0x00000000d6b80000, 0x00000000eb080000, 0x0000000100000000)
  eden space 126976K, 100% used [0x00000000d6b80000,0x00000000de780000,0x00000000de780000)
  from space 5120K, 0% used [0x00000000de780000,0x00000000de780000,0x00000000dec80000)
  to   space 39424K, 0% used [0x00000000e8a00000,0x00000000e8a00000,0x00000000eb080000)
 ParOldGen       total 139776K, used 56612K [0x0000000084200000, 0x000000008ca80000, 0x00000000d6b80000)
  object space 139776K, 40% used [0x0000000084200000,0x00000000879492c8,0x000000008ca80000)
 Metaspace       used 13195K, capacity 13332K, committed 13440K, reserved 1060864K
  class space    used 1347K, capacity 1369K, committed 1408K, reserved 1048576K
Event: 17,821 GC heap after
Heap after GC invocations=7 (full 1):
 PSYoungGen      total 219648K, used 35328K [0x00000000d6b80000, 0x00000000eac80000, 0x0000000100000000)
  eden space 184320K, 0% used [0x00000000d6b80000,0x00000000d6b80000,0x00000000e1f80000)
  from space 35328K, 100% used [0x00000000e8a00000,0x00000000eac80000,0x00000000eac80000)
  to   space 47104K, 0% used [0x00000000e5080000,0x00000000e5080000,0x00000000e7e80000)
 ParOldGen       total 139776K, used 56620K [0x0000000084200000, 0x000000008ca80000, 0x00000000d6b80000)
  object space 139776K, 40% used [0x0000000084200000,0x000000008794b2c8,0x000000008ca80000)
 Metaspace       used 13195K, capacity 13332K, committed 13440K, reserved 1060864K
  class space    used 1347K, capacity 1369K, committed 1408K, reserved 1048576K
}
Event: 19,717 GC heap before
{Heap before GC invocations=8 (full 1):
 PSYoungGen      total 219648K, used 219648K [0x00000000d6b80000, 0x00000000eac80000, 0x0000000100000000)
  eden space 184320K, 100% used [0x00000000d6b80000,0x00000000e1f80000,0x00000000e1f80000)
  from space 35328K, 100% used [0x00000000e8a00000,0x00000000eac80000,0x00000000eac80000)
  to   space 47104K, 0% used [0x00000000e5080000,0x00000000e5080000,0x00000000e7e80000)
 ParOldGen       total 139776K, used 56620K [0x0000000084200000, 0x000000008ca80000, 0x00000000d6b80000)
  object space 139776K, 40% used [0x0000000084200000,0x000000008794b2c8,0x000000008ca80000)
 Metaspace       used 13195K, capacity 13332K, committed 13440K, reserved 1060864K
  class space    used 1347K, capacity 1369K, committed 1408K, reserved 1048576K
Event: 20,103 GC heap after
Heap after GC invocations=8 (full 1):
 PSYoungGen      total 281600K, used 47072K [0x00000000d6b80000, 0x00000000f1980000, 0x0000000100000000)
  eden space 234496K, 0% used [0x00000000d6b80000,0x00000000d6b80000,0x00000000e5080000)
  from space 47104K, 99% used [0x00000000e5080000,0x00000000e7e78020,0x00000000e7e80000)
  to   space 77824K, 0% used [0x00000000ecd80000,0x00000000ecd80000,0x00000000f1980000)
 ParOldGen       total 139776K, used 96836K [0x0000000084200000, 0x000000008ca80000, 0x00000000d6b80000)
  object space 139776K, 69% used [0x0000000084200000,0x000000008a0912c8,0x000000008ca80000)
 Metaspace       used 13195K, capacity 13332K, committed 13440K, reserved 1060864K
  class space    used 1347K, capacity 1369K, committed 1408K, reserved 1048576K
}
Event: 20,108 GC heap before
{Heap before GC invocations=9 (full 2):
 PSYoungGen      total 281600K, used 47072K [0x00000000d6b80000, 0x00000000f1980000, 0x0000000100000000)
  eden space 234496K, 0% used [0x00000000d6b80000,0x00000000d6b80000,0x00000000e5080000)
  from space 47104K, 99% used [0x00000000e5080000,0x00000000e7e78020,0x00000000e7e80000)
  to   space 77824K, 0% used [0x00000000ecd80000,0x00000000ecd80000,0x00000000f1980000)
 ParOldGen       total 139776K, used 96836K [0x0000000084200000, 0x000000008ca80000, 0x00000000d6b80000)
  object space 139776K, 69% used [0x0000000084200000,0x000000008a0912c8,0x000000008ca80000)
 Metaspace       used 13195K, capacity 13332K, committed 13440K, reserved 1060864K
  class space    used 1347K, capacity 1369K, committed 1408K, reserved 1048576K

Deoptimization events (10 events):
Event: 9,150 Thread 0x00007fb3f84ef000 Uncommon trap: reason=unstable_if action=reinterpret pc=0x00007fb3e95a2758 method=org.apache.xerces.impl.XMLDocumentFragmentScannerImpl$FragmentContentDispatcher.dispatch(Z)Z @ 368
Event: 9,150 Thread 0x00007fb3f84ef000 Uncommon trap: reason=class_check action=maybe_recompile pc=0x00007fb3e9553658 method=org.apache.xerces.impl.XMLDocumentFragmentScannerImpl.scanDocument(Z)Z @ 24
Event: 9,150 Thread 0x00007fb3f84ef000 Uncommon trap: reason=unstable_if action=reinterpret pc=0x00007fb3e954b448 method=org.apache.xerces.impl.XMLEntityScanner.skipSpaces()Z @ 14
Event: 9,209 Thread 0x00007fb3f84ef000 Uncommon trap: reason=class_check action=maybe_recompile pc=0x00007fb3e9592640 method=fr.inria.edelweiss.kgraph.core.NodeImpl.getLabel()Ljava/lang/String; @ 4
Event: 9,209 Thread 0x00007fb3f84ef000 Uncommon trap: reason=unstable_if action=reinterpret pc=0x00007fb3e916d540 method=java.util.Hashtable.containsKey(Ljava/lang/Object;)Z @ 27
Event: 9,210 Thread 0x00007fb3f84ef000 Uncommon trap: reason=null_check action=make_not_entrant pc=0x00007fb3e91ec0b8 method=fr.inria.edelweiss.kgraph.core.EdgeIndexer.get(Lfr/inria/edelweiss/kgram/api/core/Node;)Lfr/inria/edelweiss/kgraph/core/EdgeList; @ 8
Event: 9,210 Thread 0x00007fb3f84ef000 Uncommon trap: reason=class_check action=maybe_recompile pc=0x00007fb3e9592640 method=fr.inria.edelweiss.kgraph.core.NodeImpl.getLabel()Ljava/lang/String; @ 4
Event: 9,210 Thread 0x00007fb3f84ef000 Uncommon trap: reason=class_check action=maybe_recompile pc=0x00007fb3e9592640 method=fr.inria.edelweiss.kgraph.core.NodeImpl.getLabel()Ljava/lang/String; @ 4
Event: 9,210 Thread 0x00007fb3f84ef000 Uncommon trap: reason=class_check action=maybe_recompile pc=0x00007fb3e9592640 method=fr.inria.edelweiss.kgraph.core.NodeImpl.getLabel()Ljava/lang/String; @ 4
Event: 10,621 Thread 0x00007fb3f84ef000 Uncommon trap: reason=null_check action=make_not_entrant pc=0x00007fb3e97070f0 method=fr.inria.edelweiss.kgraph.core.Graph.getBlankNode(Ljava/lang/String;)Lfr/inria/edelweiss/kgram/api/core/Node; @ 8

Internal exceptions (10 events):
Event: 5,125 Thread 0x00007fb3f800b000 Exception <a 'java/lang/NoClassDefFoundError': org/codehaus/jettison/json/JSONException> (0x00000000d72a3308) thrown at [/HUDSON/workspace/8-2-build-linux-amd64/jdk8u60/4407/hotspot/src/share/vm/classfile/systemDictionary.cpp, line 199]
Event: 5,126 Thread 0x00007fb3f800b000 Exception <a 'java/lang/NoClassDefFoundError': org/codehaus/jackson/map/JsonSerializableWithType> (0x00000000d72afa40) thrown at [/HUDSON/workspace/8-2-build-linux-amd64/jdk8u60/4407/hotspot/src/share/vm/classfile/systemDictionary.cpp, line 199]
Event: 5,126 Thread 0x00007fb3f800b000 Exception <a 'java/lang/NoClassDefFoundError'> (0x00000000d72afa40) thrown at [/HUDSON/workspace/8-2-build-linux-amd64/jdk8u60/4407/hotspot/src/share/vm/prims/jvm.cpp, line 1390]
Event: 5,127 Thread 0x00007fb3f800b000 Exception <a 'java/lang/NoClassDefFoundError': org/codehaus/jackson/jaxrs/JacksonJsonProvider> (0x00000000d72b8300) thrown at [/HUDSON/workspace/8-2-build-linux-amd64/jdk8u60/4407/hotspot/src/share/vm/oops/constantPool.cpp, line 235]
Event: 5,127 Thread 0x00007fb3f800b000 Exception <a 'java/lang/reflect/InvocationTargetException'> (0x00000000d72b8508) thrown at [/HUDSON/workspace/8-2-build-linux-amd64/jdk8u60/4407/hotspot/src/share/vm/runtime/reflection.cpp, line 1092]
Event: 5,127 Thread 0x00007fb3f800b000 Exception <a 'java/lang/NoClassDefFoundError'> (0x00000000d72b8300) thrown at [/HUDSON/workspace/8-2-build-linux-amd64/jdk8u60/4407/hotspot/src/share/vm/prims/jni.cpp, line 709]
Event: 5,637 Thread 0x00007fb3f84f2800 Implicit null exception at 0x00007fb3e928d335 to 0x00007fb3e928d541
Event: 9,209 Thread 0x00007fb3f84ef000 Implicit null exception at 0x00007fb3e916d1af to 0x00007fb3e916d529
Event: 9,210 Thread 0x00007fb3f84ef000 Implicit null exception at 0x00007fb3e91ebe54 to 0x00007fb3e91ec0a9
Event: 10,621 Thread 0x00007fb3f84ef000 Implicit null exception at 0x00007fb3e9704ca7 to 0x00007fb3e97070e5

Events (10 events):
Event: 16,435 Executing VM operation: RevokeBias
Event: 16,440 Executing VM operation: RevokeBias done
Event: 16,442 Executing VM operation: RevokeBias
Event: 16,444 Executing VM operation: RevokeBias done
Event: 16,444 Thread 0x00007fb388015800 Thread exited: 0x00007fb388015800
Event: 17,624 Executing VM operation: ParallelGCFailedAllocation
Event: 17,821 Executing VM operation: ParallelGCFailedAllocation done
Event: 19,212 loading class sun/security/jca/GetInstance$1
Event: 19,212 loading class sun/security/jca/GetInstance$1 done
Event: 19,717 Executing VM operation: ParallelGCFailedAllocation


Dynamic libraries:
00400000-00401000 r-xp 00000000 08:03 9307905                            /usr/lib/jvm/jdk1.8.0_60/bin/java
00600000-00601000 rw-p 00000000 08:03 9307905                            /usr/lib/jvm/jdk1.8.0_60/bin/java
0241c000-0243d000 rw-p 00000000 00:00 0                                  [heap]
84200000-8ca80000 rw-p 00000000 00:00 0 
94b00000-d6b80000 ---p 00000000 00:00 0 
d6b80000-f1980000 rw-p 00000000 00:00 0 
f1980000-100000000 ---p 00000000 00:00 0 
100000000-100160000 rw-p 00000000 00:00 0 
100160000-140000000 ---p 00000000 00:00 0 
7fb37c000000-7fb37c021000 rw-p 00000000 00:00 0 
7fb37c021000-7fb380000000 ---p 00000000 00:00 0 
7fb384000000-7fb3840a8000 rw-p 00000000 00:00 0 
7fb3840a8000-7fb388000000 ---p 00000000 00:00 0 
7fb388000000-7fb3880d0000 rw-p 00000000 00:00 0 
7fb3880d0000-7fb38c000000 ---p 00000000 00:00 0 
7fb38c000000-7fb38c021000 rw-p 00000000 00:00 0 
7fb38c021000-7fb390000000 ---p 00000000 00:00 0 
7fb390000000-7fb3900cf000 rw-p 00000000 00:00 0 
7fb3900cf000-7fb394000000 ---p 00000000 00:00 0 
7fb394000000-7fb395113000 rw-p 00000000 00:00 0 
7fb395113000-7fb398000000 ---p 00000000 00:00 0 
7fb398000000-7fb398021000 rw-p 00000000 00:00 0 
7fb398021000-7fb39c000000 ---p 00000000 00:00 0 
7fb39c000000-7fb39d3b6000 rw-p 00000000 00:00 0 
7fb39d3b6000-7fb3a0000000 ---p 00000000 00:00 0 
7fb3a0000000-7fb3a1088000 rw-p 00000000 00:00 0 
7fb3a1088000-7fb3a4000000 ---p 00000000 00:00 0 
7fb3a4000000-7fb3a4021000 rw-p 00000000 00:00 0 
7fb3a4021000-7fb3a8000000 ---p 00000000 00:00 0 
7fb3a8000000-7fb3a91d1000 rw-p 00000000 00:00 0 
7fb3a91d1000-7fb3ac000000 ---p 00000000 00:00 0 
7fb3ac000000-7fb3ac021000 rw-p 00000000 00:00 0 
7fb3ac021000-7fb3b0000000 ---p 00000000 00:00 0 
7fb3b0000000-7fb3b0021000 rw-p 00000000 00:00 0 
7fb3b0021000-7fb3b4000000 ---p 00000000 00:00 0 
7fb3b4000000-7fb3b4021000 rw-p 00000000 00:00 0 
7fb3b4021000-7fb3b8000000 ---p 00000000 00:00 0 
7fb3b8000000-7fb3b82a6000 rw-p 00000000 00:00 0 
7fb3b82a6000-7fb3bc000000 ---p 00000000 00:00 0 
7fb3bc000000-7fb3bc021000 rw-p 00000000 00:00 0 
7fb3bc021000-7fb3c0000000 ---p 00000000 00:00 0 
7fb3c4000000-7fb3c4021000 rw-p 00000000 00:00 0 
7fb3c4021000-7fb3c8000000 ---p 00000000 00:00 0 
7fb3cc000000-7fb3cc021000 rw-p 00000000 00:00 0 
7fb3cc021000-7fb3d0000000 ---p 00000000 00:00 0 
7fb3d0f9a000-7fb3d0fa1000 r--s 00000000 08:03 10896041                   /usr/lib/x86_64-linux-gnu/gconv/gconv-modules.cache
7fb3d0fa1000-7fb3d0fc7000 r--p 00000000 08:03 11301460                   /usr/share/locale-langpack/fr/LC_MESSAGES/libc.mo
7fb3d0fc7000-7fb3d1187000 rw-p 00000000 00:00 0 
7fb3d1187000-7fb3d11ca000 ---p 00000000 00:00 0 
7fb3d11ca000-7fb3d15c9000 rw-p 00000000 00:00 0 
7fb3d15c9000-7fb3d15df000 r-xp 00000000 08:03 9307767                    /usr/lib/jvm/jdk1.8.0_60/jre/lib/amd64/libnet.so
7fb3d15df000-7fb3d17df000 ---p 00016000 08:03 9307767                    /usr/lib/jvm/jdk1.8.0_60/jre/lib/amd64/libnet.so
7fb3d17df000-7fb3d17e0000 rw-p 00016000 08:03 9307767                    /usr/lib/jvm/jdk1.8.0_60/jre/lib/amd64/libnet.so
7fb3d17e0000-7fb3d17fc000 r--s 00393000 08:03 9307828                    /usr/lib/jvm/jdk1.8.0_60/jre/lib/ext/cldrdata.jar
7fb3d17fc000-7fb3d17ff000 ---p 00000000 00:00 0 
7fb3d17ff000-7fb3d18fd000 rw-p 00000000 00:00 0 
7fb3d18fd000-7fb3d1900000 ---p 00000000 00:00 0 
7fb3d1900000-7fb3d19fe000 rw-p 00000000 00:00 0 
7fb3d19fe000-7fb3d1a01000 ---p 00000000 00:00 0 
7fb3d1a01000-7fb3d1cff000 rw-p 00000000 00:00 0 
7fb3d1cff000-7fb3d1d03000 r--s 00095000 08:03 9307815                    /usr/lib/jvm/jdk1.8.0_60/jre/lib/jsse.jar
7fb3d1d03000-7fb3d1d0d000 r--s 00116000 08:03 9307821                    /usr/lib/jvm/jdk1.8.0_60/jre/lib/ext/localedata.jar
7fb3d1d0d000-7fb3d1d0f000 r--s 00005000 08:03 8261572                    /home/macina/.m2/repository/org/slf4j/slf4j-api/1.6.4/slf4j-api-1.6.4.jar
7fb3d1d0f000-7fb3d1d11000 r--s 00018000 08:03 8389104                    /home/macina/.m2/repository/fr/inria/wimmics/kgenv/3.2.1-SNAPSHOT/kgenv-3.2.1-SNAPSHOT.jar
7fb3d1d11000-7fb3d1d15000 r--s 00053000 08:03 8520116                    /home/macina/.m2/repository/fr/inria/wimmics/sparql/3.2.1-SNAPSHOT/sparql-3.2.1-SNAPSHOT.jar
7fb3d1d15000-7fb3d1d17000 r--s 00009000 08:03 8129598                    /home/macina/.m2/repository/commons-cli/commons-cli/1.2/commons-cli-1.2.jar
7fb3d1d17000-7fb3d1d1b000 r--s 0003c000 08:03 7348912                    /home/macina/.m2/repository/commons-lang/commons-lang/2.4/commons-lang-2.4.jar
7fb3d1d1b000-7fb3d1d22000 r--s 00051000 08:03 8128753                    /home/macina/.m2/repository/log4j/log4j/1.2.12/log4j-1.2.12.jar
7fb3d1d22000-7fb3d1d25000 r--s 0001d000 08:03 8259630                    /home/macina/.m2/repository/com/sun/jersey/jersey-client/1.15/jersey-client-1.15.jar
7fb3d1d25000-7fb3d1d30000 r--s 00068000 08:03 8261419                    /home/macina/.m2/repository/com/sun/jersey/jersey-core/1.15/jersey-core-1.15.jar
7fb3d1d30000-7fb3d1d38000 r--s 00028000 08:03 7228314                    /home/macina/.m2/repository/xml-apis/xml-apis/1.3.03/xml-apis-1.3.03.jar
7fb3d1d38000-7fb3d1d3e000 r--s 00033000 08:03 7753719                    /home/macina/.m2/repository/commons-codec/commons-codec/1.6/commons-codec-1.6.jar
7fb3d1d3e000-7fb3d1d44000 r--s 00032000 08:03 8260547                    /home/macina/.m2/repository/org/apache/httpcomponents/httpcore/4.2.4/httpcore-4.2.4.jar
7fb3d1d44000-7fb3d1d4d000 r--s 00061000 08:03 8260543                    /home/macina/.m2/repository/org/apache/httpcomponents/httpclient/4.2.5/httpclient-4.2.5.jar
7fb3d1d4d000-7fb3d1d5f000 r--s 000ce000 08:03 8260559                    /home/macina/.m2/repository/com/fasterxml/jackson/core/jackson-databind/2.3.1/jackson-databind-2.3.1.jar
7fb3d1d5f000-7fb3d1d80000 r--s 0014c000 08:03 8261414                    /home/macina/.m2/repository/com/sun/jersey/jersey-bundle/1.15/jersey-bundle-1.15.jar
7fb3d1d80000-7fb3d1d81000 ---p 00000000 00:00 0 
7fb3d1d81000-7fb3d1e81000 rw-p 00000000 00:00 0 
7fb3d1e81000-7fb3d1e84000 ---p 00000000 00:00 0 
7fb3d1e84000-7fb3d1f82000 rw-p 00000000 00:00 0 
7fb3d1f82000-7fb3d1f85000 ---p 00000000 00:00 0 
7fb3d1f85000-7fb3d2083000 rw-p 00000000 00:00 0 
7fb3d2083000-7fb3d2086000 ---p 00000000 00:00 0 
7fb3d2086000-7fb3d2184000 rw-p 00000000 00:00 0 
7fb3d2184000-7fb3d2187000 ---p 00000000 00:00 0 
7fb3d2187000-7fb3d2285000 rw-p 00000000 00:00 0 
7fb3d2285000-7fb3d2288000 ---p 00000000 00:00 0 
7fb3d2288000-7fb3d2386000 rw-p 00000000 00:00 0 
7fb3d2386000-7fb3d2389000 ---p 00000000 00:00 0 
7fb3d2389000-7fb3d2487000 rw-p 00000000 00:00 0 
7fb3d2487000-7fb3d2764000 r--p 00000000 08:03 10633822                   /usr/lib/locale/locale-archive
7fb3d2764000-7fb3d2767000 ---p 00000000 00:00 0 
7fb3d2767000-7fb3d2865000 rw-p 00000000 00:00 0 
7fb3d2865000-7fb3d2868000 ---p 00000000 00:00 0 
7fb3d2868000-7fb3d2966000 rw-p 00000000 00:00 0 
7fb3d2966000-7fb3d2967000 ---p 00000000 00:00 0 
7fb3d2967000-7fb3d4000000 rw-p 00000000 00:00 0 
7fb3d4000000-7fb3d4021000 rw-p 00000000 00:00 0 
7fb3d4021000-7fb3d8000000 ---p 00000000 00:00 0 
7fb3d8000000-7fb3d8003000 r--s 0001a000 08:03 8260542                    /home/macina/.m2/repository/org/apache/httpcomponents/httpclient-cache/4.2.5/httpclient-cache-4.2.5.jar
7fb3d8003000-7fb3d8005000 r--s 0000d000 08:03 8260550                    /home/macina/.m2/repository/commons-logging/commons-logging/1.1.1/commons-logging-1.1.1.jar
7fb3d8005000-7fb3d8007000 r--s 00007000 08:03 8260561                    /home/macina/.m2/repository/com/fasterxml/jackson/core/jackson-annotations/2.3.0/jackson-annotations-2.3.0.jar
7fb3d8007000-7fb3d800b000 r--s 0002d000 08:03 8260558                    /home/macina/.m2/repository/com/fasterxml/jackson/core/jackson-core/2.3.1/jackson-core-2.3.1.jar
7fb3d800b000-7fb3d800e000 r--s 0001a000 08:03 8260556                    /home/macina/.m2/repository/com/github/jsonld-java/jsonld-java/0.3/jsonld-java-0.3.jar
7fb3d800e000-7fb3dc000000 rw-p 00000000 00:00 0 
7fb3dc000000-7fb3dc021000 rw-p 00000000 00:00 0 
7fb3dc021000-7fb3e0000000 ---p 00000000 00:00 0 
7fb3e0000000-7fb3e0021000 rw-p 00000000 00:00 0 
7fb3e0021000-7fb3e4000000 ---p 00000000 00:00 0 
7fb3e4000000-7fb3e4021000 rw-p 00000000 00:00 0 
7fb3e4021000-7fb3e8000000 ---p 00000000 00:00 0 
7fb3e8000000-7fb3e8002000 r--s 00005000 08:03 8260555                    /home/macina/.m2/repository/org/semarglproject/semargl-rdf/0.6.1/semargl-rdf-0.6.1.jar
7fb3e8002000-7fb3e8006000 r--s 00026000 08:03 8260565                    /home/macina/.m2/repository/org/openrdf/sesame/sesame-model/2.8.0-beta2/sesame-model-2.8.0-beta2.jar
7fb3e8006000-7fb3e801d000 r--s 00110000 08:03 7088859                    /home/macina/.m2/repository/xerces/xercesImpl/2.8.0/xercesImpl-2.8.0.jar
7fb3e801d000-7fb3e9000000 rw-p 00000000 00:00 0 
7fb3e9000000-7fb3e9a00000 rwxp 00000000 00:00 0 
7fb3e9a00000-7fb3f8000000 ---p 00000000 00:00 0 
7fb3f8000000-7fb3f85a6000 rw-p 00000000 00:00 0 
7fb3f85a6000-7fb3fc000000 ---p 00000000 00:00 0 
7fb3fc001000-7fb3fc002000 r--s 00008000 08:03 8260553                    /home/macina/.m2/repository/org/semarglproject/semargl-rdfa/0.6.1/semargl-rdfa-0.6.1.jar
7fb3fc002000-7fb3fc004000 r--s 00012000 08:03 8260571                    /home/macina/.m2/repository/org/openrdf/sesame/sesame-util/2.8.0-beta2/sesame-util-2.8.0-beta2.jar
7fb3fc004000-7fb3fc006000 r--s 0000c000 08:03 8260566                    /home/macina/.m2/repository/org/openrdf/sesame/sesame-rio-api/2.8.0-beta2/sesame-rio-api-2.8.0-beta2.jar
7fb3fc006000-7fb3fc008000 r--s 00004000 08:03 8260554                    /home/macina/.m2/repository/org/semarglproject/semargl-core/0.6.1/semargl-core-0.6.1.jar
7fb3fc008000-7fb3fc00a000 r--s 0000a000 08:03 8260173                    /home/macina/.m2/repository/javax/ws/rs/jsr311-api/1.1.1/jsr311-api-1.1.1.jar
7fb3fc00a000-7fb3fc0dd000 rw-p 00000000 00:00 0 
7fb3fc0dd000-7fb3fc2b5000 r--s 03d17000 08:03 9307812                    /usr/lib/jvm/jdk1.8.0_60/jre/lib/rt.jar
7fb3fc2b5000-7fb3fc32b000 rw-p 00000000 00:00 0 
7fb3fc32b000-7fb3fc32c000 ---p 00000000 00:00 0 
7fb3fc32c000-7fb3fc42c000 rw-p 00000000 00:00 0 
7fb3fc42c000-7fb3fc42d000 ---p 00000000 00:00 0 
7fb3fc42d000-7fb3fc52d000 rw-p 00000000 00:00 0 
7fb3fc52d000-7fb3fc52e000 ---p 00000000 00:00 0 
7fb3fc52e000-7fb3fc62e000 rw-p 00000000 00:00 0 
7fb3fc62e000-7fb3fc62f000 ---p 00000000 00:00 0 
7fb3fc62f000-7fb3fc72f000 rw-p 00000000 00:00 0 
7fb3fc72f000-7fb3fc730000 ---p 00000000 00:00 0 
7fb3fc730000-7fb3fc830000 rw-p 00000000 00:00 0 
7fb3fc830000-7fb3fc831000 ---p 00000000 00:00 0 
7fb3fc831000-7fb3fc931000 rw-p 00000000 00:00 0 
7fb3fc931000-7fb3fc932000 ---p 00000000 00:00 0 
7fb3fc932000-7fb3fca32000 rw-p 00000000 00:00 0 
7fb3fca32000-7fb3fca33000 ---p 00000000 00:00 0 
7fb3fca33000-7fb3fcb78000 rw-p 00000000 00:00 0 
7fb3fcb78000-7fb3fcdc8000 ---p 00000000 00:00 0 
7fb3fcdc8000-7fb3fce0d000 rw-p 00000000 00:00 0 
7fb3fce0d000-7fb3fd05c000 ---p 00000000 00:00 0 
7fb3fd05c000-7fb3fd134000 rw-p 00000000 00:00 0 
7fb3fd134000-7fb3fd1a7000 ---p 00000000 00:00 0 
7fb3fd1a7000-7fb3fd1d0000 rw-p 00000000 00:00 0 
7fb3fd1d0000-7fb3fd568000 ---p 00000000 00:00 0 
7fb3fd568000-7fb3fd582000 r-xp 00000000 08:03 9307762                    /usr/lib/jvm/jdk1.8.0_60/jre/lib/amd64/libzip.so
7fb3fd582000-7fb3fd782000 ---p 0001a000 08:03 9307762                    /usr/lib/jvm/jdk1.8.0_60/jre/lib/amd64/libzip.so
7fb3fd782000-7fb3fd783000 rw-p 0001a000 08:03 9307762                    /usr/lib/jvm/jdk1.8.0_60/jre/lib/amd64/libzip.so
7fb3fd783000-7fb3fd78e000 r-xp 00000000 08:03 9831477                    /lib/x86_64-linux-gnu/libnss_files-2.23.so
7fb3fd78e000-7fb3fd98d000 ---p 0000b000 08:03 9831477                    /lib/x86_64-linux-gnu/libnss_files-2.23.so
7fb3fd98d000-7fb3fd98e000 r--p 0000a000 08:03 9831477                    /lib/x86_64-linux-gnu/libnss_files-2.23.so
7fb3fd98e000-7fb3fd98f000 rw-p 0000b000 08:03 9831477                    /lib/x86_64-linux-gnu/libnss_files-2.23.so
7fb3fd98f000-7fb3fd995000 rw-p 00000000 00:00 0 
7fb3fd995000-7fb3fd9a0000 r-xp 00000000 08:03 9831474                    /lib/x86_64-linux-gnu/libnss_nis-2.23.so
7fb3fd9a0000-7fb3fdb9f000 ---p 0000b000 08:03 9831474                    /lib/x86_64-linux-gnu/libnss_nis-2.23.so
7fb3fdb9f000-7fb3fdba0000 r--p 0000a000 08:03 9831474                    /lib/x86_64-linux-gnu/libnss_nis-2.23.so
7fb3fdba0000-7fb3fdba1000 rw-p 0000b000 08:03 9831474                    /lib/x86_64-linux-gnu/libnss_nis-2.23.so
7fb3fdba1000-7fb3fdbb7000 r-xp 00000000 08:03 9831472                    /lib/x86_64-linux-gnu/libnsl-2.23.so
7fb3fdbb7000-7fb3fddb6000 ---p 00016000 08:03 9831472                    /lib/x86_64-linux-gnu/libnsl-2.23.so
7fb3fddb6000-7fb3fddb7000 r--p 00015000 08:03 9831472                    /lib/x86_64-linux-gnu/libnsl-2.23.so
7fb3fddb7000-7fb3fddb8000 rw-p 00016000 08:03 9831472                    /lib/x86_64-linux-gnu/libnsl-2.23.so
7fb3fddb8000-7fb3fddba000 rw-p 00000000 00:00 0 
7fb3fddba000-7fb3fddc2000 r-xp 00000000 08:03 9831470                    /lib/x86_64-linux-gnu/libnss_compat-2.23.so
7fb3fddc2000-7fb3fdfc1000 ---p 00008000 08:03 9831470                    /lib/x86_64-linux-gnu/libnss_compat-2.23.so
7fb3fdfc1000-7fb3fdfc2000 r--p 00007000 08:03 9831470                    /lib/x86_64-linux-gnu/libnss_compat-2.23.so
7fb3fdfc2000-7fb3fdfc3000 rw-p 00008000 08:03 9831470                    /lib/x86_64-linux-gnu/libnss_compat-2.23.so
7fb3fdfc3000-7fb3fdfed000 r-xp 00000000 08:03 9307740                    /usr/lib/jvm/jdk1.8.0_60/jre/lib/amd64/libjava.so
7fb3fdfed000-7fb3fe1ed000 ---p 0002a000 08:03 9307740                    /usr/lib/jvm/jdk1.8.0_60/jre/lib/amd64/libjava.so
7fb3fe1ed000-7fb3fe1ef000 rw-p 0002a000 08:03 9307740                    /usr/lib/jvm/jdk1.8.0_60/jre/lib/amd64/libjava.so
7fb3fe1ef000-7fb3fe1fc000 r-xp 00000000 08:03 9307756                    /usr/lib/jvm/jdk1.8.0_60/jre/lib/amd64/libverify.so
7fb3fe1fc000-7fb3fe3fc000 ---p 0000d000 08:03 9307756                    /usr/lib/jvm/jdk1.8.0_60/jre/lib/amd64/libverify.so
7fb3fe3fc000-7fb3fe3fe000 rw-p 0000d000 08:03 9307756                    /usr/lib/jvm/jdk1.8.0_60/jre/lib/amd64/libverify.so
7fb3fe3fe000-7fb3fe405000 r-xp 00000000 08:03 9831486                    /lib/x86_64-linux-gnu/librt-2.23.so
7fb3fe405000-7fb3fe604000 ---p 00007000 08:03 9831486                    /lib/x86_64-linux-gnu/librt-2.23.so
7fb3fe604000-7fb3fe605000 r--p 00006000 08:03 9831486                    /lib/x86_64-linux-gnu/librt-2.23.so
7fb3fe605000-7fb3fe606000 rw-p 00007000 08:03 9831486                    /lib/x86_64-linux-gnu/librt-2.23.so
7fb3fe606000-7fb3fe70e000 r-xp 00000000 08:03 9831483                    /lib/x86_64-linux-gnu/libm-2.23.so
7fb3fe70e000-7fb3fe90d000 ---p 00108000 08:03 9831483                    /lib/x86_64-linux-gnu/libm-2.23.so
7fb3fe90d000-7fb3fe90e000 r--p 00107000 08:03 9831483                    /lib/x86_64-linux-gnu/libm-2.23.so
7fb3fe90e000-7fb3fe90f000 rw-p 00108000 08:03 9831483                    /lib/x86_64-linux-gnu/libm-2.23.so
7fb3fe90f000-7fb3ff5cd000 r-xp 00000000 08:03 9307778                    /usr/lib/jvm/jdk1.8.0_60/jre/lib/amd64/server/libjvm.so
7fb3ff5cd000-7fb3ff7cc000 ---p 00cbe000 08:03 9307778                    /usr/lib/jvm/jdk1.8.0_60/jre/lib/amd64/server/libjvm.so
7fb3ff7cc000-7fb3ff8a4000 rw-p 00cbd000 08:03 9307778                    /usr/lib/jvm/jdk1.8.0_60/jre/lib/amd64/server/libjvm.so
7fb3ff8a4000-7fb3ff8e9000 rw-p 00000000 00:00 0 
7fb3ff8e9000-7fb3ffaa9000 r-xp 00000000 08:03 9831491                    /lib/x86_64-linux-gnu/libc-2.23.so
7fb3ffaa9000-7fb3ffca8000 ---p 001c0000 08:03 9831491                    /lib/x86_64-linux-gnu/libc-2.23.so
7fb3ffca8000-7fb3ffcac000 r--p 001bf000 08:03 9831491                    /lib/x86_64-linux-gnu/libc-2.23.so
7fb3ffcac000-7fb3ffcae000 rw-p 001c3000 08:03 9831491                    /lib/x86_64-linux-gnu/libc-2.23.so
7fb3ffcae000-7fb3ffcb2000 rw-p 00000000 00:00 0 
7fb3ffcb2000-7fb3ffcb5000 r-xp 00000000 08:03 9831492                    /lib/x86_64-linux-gnu/libdl-2.23.so
7fb3ffcb5000-7fb3ffeb4000 ---p 00003000 08:03 9831492                    /lib/x86_64-linux-gnu/libdl-2.23.so
7fb3ffeb4000-7fb3ffeb5000 r--p 00002000 08:03 9831492                    /lib/x86_64-linux-gnu/libdl-2.23.so
7fb3ffeb5000-7fb3ffeb6000 rw-p 00003000 08:03 9831492                    /lib/x86_64-linux-gnu/libdl-2.23.so
7fb3ffeb6000-7fb3ffecb000 r-xp 00000000 08:03 9306823                    /usr/lib/jvm/jdk1.8.0_60/lib/amd64/jli/libjli.so
7fb3ffecb000-7fb4000cb000 ---p 00015000 08:03 9306823                    /usr/lib/jvm/jdk1.8.0_60/lib/amd64/jli/libjli.so
7fb4000cb000-7fb4000cc000 rw-p 00015000 08:03 9306823                    /usr/lib/jvm/jdk1.8.0_60/lib/amd64/jli/libjli.so
7fb4000cc000-7fb4000e4000 r-xp 00000000 08:03 9831490                    /lib/x86_64-linux-gnu/libpthread-2.23.so
7fb4000e4000-7fb4002e3000 ---p 00018000 08:03 9831490                    /lib/x86_64-linux-gnu/libpthread-2.23.so
7fb4002e3000-7fb4002e4000 r--p 00017000 08:03 9831490                    /lib/x86_64-linux-gnu/libpthread-2.23.so
7fb4002e4000-7fb4002e5000 rw-p 00018000 08:03 9831490                    /lib/x86_64-linux-gnu/libpthread-2.23.so
7fb4002e5000-7fb4002e9000 rw-p 00000000 00:00 0 
7fb4002e9000-7fb40030f000 r-xp 00000000 08:03 9831487                    /lib/x86_64-linux-gnu/ld-2.23.so
7fb40030f000-7fb40032c000 r--s 003d2000 08:03 8260552                    /home/macina/.m2/repository/com/ibm/icu/icu4j/3.6.1/icu4j-3.6.1.jar
7fb40032c000-7fb40032f000 r--s 00019000 08:03 8129343                    /home/macina/.m2/repository/fr/com/hp/hpl/jena/rdf/arp/arp/2.2.b/arp-2.2.b.jar
7fb40032f000-7fb4003d9000 rw-p 00000000 00:00 0 
7fb4003d9000-7fb4003dc000 ---p 00000000 00:00 0 
7fb4003dc000-7fb4004de000 rw-p 00000000 00:00 0 
7fb4004de000-7fb4004e0000 r--s 00008000 08:03 8392534                    /home/macina/.m2/repository/fr/inria/wimmics/engine/3.2.1-SNAPSHOT/engine-3.2.1-SNAPSHOT.jar
7fb4004e0000-7fb4004e1000 r--s 00006000 08:03 8389101                    /home/macina/.m2/repository/fr/inria/wimmics/kgengine/3.2.1-SNAPSHOT/kgengine-3.2.1-SNAPSHOT.jar
7fb4004e1000-7fb400502000 rw-p 00000000 00:00 0 
7fb400502000-7fb40050a000 rw-s 00000000 08:03 11412776                   /tmp/hsperfdata_macina/28788
7fb40050a000-7fb40050b000 rw-p 00000000 00:00 0 
7fb40050b000-7fb40050c000 ---p 00000000 00:00 0 
7fb40050c000-7fb40050e000 rw-p 00000000 00:00 0 
7fb40050e000-7fb40050f000 r--p 00025000 08:03 9831487                    /lib/x86_64-linux-gnu/ld-2.23.so
7fb40050f000-7fb400510000 rw-p 00026000 08:03 9831487                    /lib/x86_64-linux-gnu/ld-2.23.so
7fb400510000-7fb400511000 rw-p 00000000 00:00 0 
7ffe6043a000-7ffe6045c000 rw-p 00000000 00:00 0                          [stack]
7ffe6059d000-7ffe6059f000 r--p 00000000 00:00 0                          [vvar]
7ffe6059f000-7ffe605a1000 r-xp 00000000 00:00 0                          [vdso]
ffffffffff600000-ffffffffff601000 r-xp 00000000 00:00 0                  [vsyscall]

VM Arguments:
java_command: fr.inria.edelweiss.kgdqp.test.TestDQP -tc ls -r 0
java_class_path (initial): /home/macina/NetBeansProjects/corese-dqp/kg-dqp/target/classes:/home/macina/.m2/repository/fr/inria/wimmics/kgengine/3.2.1-SNAPSHOT/kgengine-3.2.1-SNAPSHOT.jar:/home/macina/.m2/repository/fr/com/hp/hpl/jena/rdf/arp/arp/2.2.b/arp-2.2.b.jar:/home/macina/.m2/repository/fr/inria/wimmics/engine/3.2.1-SNAPSHOT/engine-3.2.1-SNAPSHOT.jar:/home/macina/.m2/repository/com/ibm/icu/icu4j/3.6.1/icu4j-3.6.1.jar:/home/macina/NetBeansProjects/corese-dqp/kgtool/target/classes:/home/macina/.m2/repository/xerces/xercesImpl/2.8.0/xercesImpl-2.8.0.jar:/home/macina/.m2/repository/com/sun/jersey/jersey-bundle/1.15/jersey-bundle-1.15.jar:/home/macina/.m2/repository/javax/ws/rs/jsr311-api/1.1.1/jsr311-api-1.1.1.jar:/home/macina/.m2/repository/org/semarglproject/semargl-core/0.6.1/semargl-core-0.6.1.jar:/home/macina/.m2/repository/org/openrdf/sesame/sesame-rio-api/2.8.0-beta2/sesame-rio-api-2.8.0-beta2.jar:/home/macina/.m2/repository/org/openrdf/sesame/sesame-util/2.8.0-beta2/sesame-util-2.8.0-beta2.jar:/home/macina/.m2/repository/org/openrdf/sesame/sesame-model/2.8.0-beta2/sesame-model-2.8.0-beta2.jar:/home/macina/.m2/repository/org/semarglproject/semargl-rdfa/0.6.1/semargl-rdfa-0.6.1.jar:/home/macina/.m2/repository/org/semarglproject/semargl-rdf/0.6.1/semargl-rdf-0.6.1.jar:/home/macina/.m2/repository/com/github/jsonld-java/jsonld-java/0.3/jsonld-java-0.3.jar:/home/macina/.m2/repository/com/fasterxml/jackson/core/jackson-core/2.3.1/jackson-core-2.3.1.jar:/home/macina/.m2/repository/com/fasterxml/jackson/core/jackson-databind/2.3.1/jackson-databind-2.3.1.jar:/home/macina/.m2/repository/com/fasterxml/jackson/core/jackson-annotations/2.3.0/jackson-annotations-2.3.0.jar:/home/macina/.m2/repository/org/apache/httpcomponents/httpclient/4.2.5/httpclient-4.2.5.jar:/home/macina/.m2/repository/org/apache/httpcomponents/httpcore/4.2.4/httpcore-4.2.4.jar:/home/macina/.m2/repository/commons-logging/commons-logging/1.1.1/commons-logging-1.1.1.jar:/home/macina/.m2/repository/co
Launcher Type: SUN_STANDARD

Environment Variables:
JAVA_HOME=/usr/lib/jvm/jdk1.8.0_60
PATH=/usr/local/sbin:/usr/local/bin:/usr/sbin:/usr/bin:/sbin:/bin:/usr/games:/usr/local/games:/snap/bin:/usr/lib/jvm/java-8-oracle/bin:/usr/lib/jvm/java-8-oracle/db/bin:/usr/lib/jvm/java-8-oracle/jre/bin
USERNAME=macina
LD_LIBRARY_PATH=/usr/lib/jvm/jdk1.8.0_60/jre/lib/amd64:/usr/lib/jvm/jdk1.8.0_60/jre/lib/i386:
SHELL=/bin/bash
DISPLAY=:1

Signal Handlers:
SIGSEGV: [libjvm.so+0xaba070], sa_mask[0]=11111111011111111101111111111110, sa_flags=SA_RESTART|SA_SIGINFO
SIGBUS: [libjvm.so+0xaba070], sa_mask[0]=11111111011111111101111111111110, sa_flags=SA_RESTART|SA_SIGINFO
SIGFPE: [libjvm.so+0x917630], sa_mask[0]=11111111011111111101111111111110, sa_flags=SA_RESTART|SA_SIGINFO
SIGPIPE: [libjvm.so+0x917630], sa_mask[0]=11111111011111111101111111111110, sa_flags=SA_RESTART|SA_SIGINFO
SIGXFSZ: [libjvm.so+0x917630], sa_mask[0]=11111111011111111101111111111110, sa_flags=SA_RESTART|SA_SIGINFO
SIGILL: [libjvm.so+0x917630], sa_mask[0]=11111111011111111101111111111110, sa_flags=SA_RESTART|SA_SIGINFO
SIGUSR1: SIG_DFL, sa_mask[0]=00000000000000000000000000000000, sa_flags=none
SIGUSR2: [libjvm.so+0x918c60], sa_mask[0]=00100000000000000000000000000000, sa_flags=SA_RESTART|SA_SIGINFO
SIGHUP: [libjvm.so+0x91a060], sa_mask[0]=11111111011111111101111111111110, sa_flags=SA_RESTART|SA_SIGINFO
SIGINT: SIG_IGN, sa_mask[0]=00000000000000000000000000000000, sa_flags=none
SIGTERM: [libjvm.so+0x91a060], sa_mask[0]=11111111011111111101111111111110, sa_flags=SA_RESTART|SA_SIGINFO
SIGQUIT: [libjvm.so+0x91a060], sa_mask[0]=11111111011111111101111111111110, sa_flags=SA_RESTART|SA_SIGINFO


---------------  S Y S T E M  ---------------

OS:DISTRIB_ID=Ubuntu
DISTRIB_RELEASE=16.04
DISTRIB_CODENAME=xenial
DISTRIB_DESCRIPTION="Ubuntu 16.04.1 LTS"

uname:Linux 4.4.0-31-generic #50-Ubuntu SMP Wed Jul 13 00:07:12 UTC 2016 x86_64
libc:glibc 2.23 NPTL 2.23 
rlimit: STACK 8192k, CORE 0k, NPROC 31537, NOFILE 65536, AS infinity
load average:10,86 5,56 2,86

/proc/meminfo:
MemTotal:        8112616 kB
MemFree:          102144 kB
MemAvailable:      38768 kB
Buffers:             824 kB
Cached:            42156 kB
SwapCached:         5196 kB
Active:          6065148 kB
Inactive:        1223512 kB
Active(anon):    6057932 kB
Inactive(anon):  1216372 kB
Active(file):       7216 kB
Inactive(file):     7140 kB
Unevictable:          44 kB
Mlocked:              44 kB
SwapTotal:      16650236 kB
SwapFree:             16 kB
Dirty:                40 kB
Writeback:             0 kB
AnonPages:       7244296 kB
Mapped:            39388 kB
Shmem:             25108 kB
Slab:             196884 kB
SReclaimable:     130644 kB
SUnreclaim:        66240 kB
KernelStack:       16384 kB
PageTables:       127244 kB
NFS_Unstable:          0 kB
Bounce:                0 kB
WritebackTmp:          0 kB
CommitLimit:    20706544 kB
Committed_AS:   45927952 kB
VmallocTotal:   34359738367 kB
VmallocUsed:           0 kB
VmallocChunk:          0 kB
HardwareCorrupted:     0 kB
AnonHugePages:   1198080 kB
CmaTotal:              0 kB
CmaFree:               0 kB
HugePages_Total:       0
HugePages_Free:        0
HugePages_Rsvd:        0
HugePages_Surp:        0
Hugepagesize:       2048 kB
DirectMap4k:     1402272 kB
DirectMap2M:     6924288 kB


CPU:total 8 (4 cores per cpu, 2 threads per core) family 6 model 58 stepping 9, cmov, cx8, fxsr, mmx, sse, sse2, sse3, ssse3, sse4.1, sse4.2, popcnt, avx, aes, clmul, erms, ht, tsc, tscinvbit, tscinv

/proc/cpuinfo:
processor	: 0
vendor_id	: GenuineIntel
cpu family	: 6
model		: 58
model name	: Intel(R) Core(TM) i7-3740QM CPU @ 2.70GHz
stepping	: 9
microcode	: 0x15
cpu MHz		: 1199.917
cache size	: 6144 KB
physical id	: 0
siblings	: 8
core id		: 0
cpu cores	: 4
apicid		: 0
initial apicid	: 0
fpu		: yes
fpu_exception	: yes
cpuid level	: 13
wp		: yes
flags		: fpu vme de pse tsc msr pae mce cx8 apic sep mtrr pge mca cmov pat pse36 clflush dts acpi mmx fxsr sse sse2 ss ht tm pbe syscall nx rdtscp lm constant_tsc arch_perfmon pebs bts rep_good nopl xtopology nonstop_tsc aperfmperf eagerfpu pni pclmulqdq dtes64 monitor ds_cpl vmx smx est tm2 ssse3 cx16 xtpr pdcm pcid sse4_1 sse4_2 x2apic popcnt tsc_deadline_timer aes xsave avx f16c rdrand lahf_lm epb tpr_shadow vnmi flexpriority ept vpid fsgsbase smep erms xsaveopt dtherm ida arat pln pts
bugs		:
bogomips	: 5382.50
clflush size	: 64
cache_alignment	: 64
address sizes	: 36 bits physical, 48 bits virtual
power management:

processor	: 1
vendor_id	: GenuineIntel
cpu family	: 6
model		: 58
model name	: Intel(R) Core(TM) i7-3740QM CPU @ 2.70GHz
stepping	: 9
microcode	: 0x15
cpu MHz		: 1199.917
cache size	: 6144 KB
physical id	: 0
siblings	: 8
core id		: 1
cpu cores	: 4
apicid		: 2
initial apicid	: 2
fpu		: yes
fpu_exception	: yes
cpuid level	: 13
wp		: yes
flags		: fpu vme de pse tsc msr pae mce cx8 apic sep mtrr pge mca cmov pat pse36 clflush dts acpi mmx fxsr sse sse2 ss ht tm pbe syscall nx rdtscp lm constant_tsc arch_perfmon pebs bts rep_good nopl xtopology nonstop_tsc aperfmperf eagerfpu pni pclmulqdq dtes64 monitor ds_cpl vmx smx est tm2 ssse3 cx16 xtpr pdcm pcid sse4_1 sse4_2 x2apic popcnt tsc_deadline_timer aes xsave avx f16c rdrand lahf_lm epb tpr_shadow vnmi flexpriority ept vpid fsgsbase smep erms xsaveopt dtherm ida arat pln pts
bugs		:
bogomips	: 5382.50
clflush size	: 64
cache_alignment	: 64
address sizes	: 36 bits physical, 48 bits virtual
power management:

processor	: 2
vendor_id	: GenuineIntel
cpu family	: 6
model		: 58
model name	: Intel(R) Core(TM) i7-3740QM CPU @ 2.70GHz
stepping	: 9
microcode	: 0x15
cpu MHz		: 1199.917
cache size	: 6144 KB
physical id	: 0
siblings	: 8
core id		: 2
cpu cores	: 4
apicid		: 4
initial apicid	: 4
fpu		: yes
fpu_exception	: yes
cpuid level	: 13
wp		: yes
flags		: fpu vme de pse tsc msr pae mce cx8 apic sep mtrr pge mca cmov pat pse36 clflush dts acpi mmx fxsr sse sse2 ss ht tm pbe syscall nx rdtscp lm constant_tsc arch_perfmon pebs bts rep_good nopl xtopology nonstop_tsc aperfmperf eagerfpu pni pclmulqdq dtes64 monitor ds_cpl vmx smx est tm2 ssse3 cx16 xtpr pdcm pcid sse4_1 sse4_2 x2apic popcnt tsc_deadline_timer aes xsave avx f16c rdrand lahf_lm epb tpr_shadow vnmi flexpriority ept vpid fsgsbase smep erms xsaveopt dtherm ida arat pln pts
bugs		:
bogomips	: 5382.50
clflush size	: 64
cache_alignment	: 64
address sizes	: 36 bits physical, 48 bits virtual
power management:

processor	: 3
vendor_id	: GenuineIntel
cpu family	: 6
model		: 58
model name	: Intel(R) Core(TM) i7-3740QM CPU @ 2.70GHz
stepping	: 9
microcode	: 0x15
cpu MHz		: 1199.917
cache size	: 6144 KB
physical id	: 0
siblings	: 8
core id		: 3
cpu cores	: 4
apicid		: 6
initial apicid	: 6
fpu		: yes
fpu_exception	: yes
cpuid level	: 13
wp		: yes
flags		: fpu vme de pse tsc msr pae mce cx8 apic sep mtrr pge mca cmov pat pse36 clflush dts acpi mmx fxsr sse sse2 ss ht tm pbe syscall nx rdtscp lm constant_tsc arch_perfmon pebs bts rep_good nopl xtopology nonstop_tsc aperfmperf eagerfpu pni pclmulqdq dtes64 monitor ds_cpl vmx smx est tm2 ssse3 cx16 xtpr pdcm pcid sse4_1 sse4_2 x2apic popcnt tsc_deadline_timer aes xsave avx f16c rdrand lahf_lm epb tpr_shadow vnmi flexpriority ept vpid fsgsbase smep erms xsaveopt dtherm ida arat pln pts
bugs		:
bogomips	: 5382.50
clflush size	: 64
cache_alignment	: 64
address sizes	: 36 bits physical, 48 bits virtual
power management:

processor	: 4
vendor_id	: GenuineIntel
cpu family	: 6
model		: 58
model name	: Intel(R) Core(TM) i7-3740QM CPU @ 2.70GHz
stepping	: 9
microcode	: 0x15
cpu MHz		: 1199.917
cache size	: 6144 KB
physical id	: 0
siblings	: 8
core id		: 0
cpu cores	: 4
apicid		: 1
initial apicid	: 1
fpu		: yes
fpu_exception	: yes
cpuid level	: 13
wp		: yes
flags		: fpu vme de pse tsc msr pae mce cx8 apic sep mtrr pge mca cmov pat pse36 clflush dts acpi mmx fxsr sse sse2 ss ht tm pbe syscall nx rdtscp lm constant_tsc arch_perfmon pebs bts rep_good nopl xtopology nonstop_tsc aperfmperf eagerfpu pni pclmulqdq dtes64 monitor ds_cpl vmx smx est tm2 ssse3 cx16 xtpr pdcm pcid sse4_1 sse4_2 x2apic popcnt tsc_deadline_timer aes xsave avx f16c rdrand lahf_lm epb tpr_shadow vnmi flexpriority ept vpid fsgsbase smep erms xsaveopt dtherm ida arat pln pts
bugs		:
bogomips	: 5382.50
clflush size	: 64
cache_alignment	: 64
address sizes	: 36 bits physical, 48 bits virtual
power management:

processor	: 5
vendor_id	: GenuineIntel
cpu family	: 6
model		: 58
model name	: Intel(R) Core(TM) i7-3740QM CPU @ 2.70GHz
stepping	: 9
microcode	: 0x15
cpu MHz		: 1199.917
cache size	: 6144 KB
physical id	: 0
siblings	: 8
core id		: 1
cpu cores	: 4
apicid		: 3
initial apicid	: 3
fpu		: yes
fpu_exception	: yes
cpuid level	: 13
wp		: yes
flags		: fpu vme de pse tsc msr pae mce cx8 apic sep mtrr pge mca cmov pat pse36 clflush dts acpi mmx fxsr sse sse2 ss ht tm pbe syscall nx rdtscp lm constant_tsc arch_perfmon pebs bts rep_good nopl xtopology nonstop_tsc aperfmperf eagerfpu pni pclmulqdq dtes64 monitor ds_cpl vmx smx est tm2 ssse3 cx16 xtpr pdcm pcid sse4_1 sse4_2 x2apic popcnt tsc_deadline_timer aes xsave avx f16c rdrand lahf_lm epb tpr_shadow vnmi flexpriority ept vpid fsgsbase smep erms xsaveopt dtherm ida arat pln pts
bugs		:
bogomips	: 5382.50
clflush size	: 64
cache_alignment	: 64
address sizes	: 36 bits physical, 48 bits virtual
power management:

processor	: 6
vendor_id	: GenuineIntel
cpu family	: 6
model		: 58
model name	: Intel(R) Core(TM) i7-3740QM CPU @ 2.70GHz
stepping	: 9
microcode	: 0x15
cpu MHz		: 1199.917
cache size	: 6144 KB
physical id	: 0
siblings	: 8
core id		: 2
cpu cores	: 4
apicid		: 5
initial apicid	: 5
fpu		: yes
fpu_exception	: yes
cpuid level	: 13
wp		: yes
flags		: fpu vme de pse tsc msr pae mce cx8 apic sep mtrr pge mca cmov pat pse36 clflush dts acpi mmx fxsr sse sse2 ss ht tm pbe syscall nx rdtscp lm constant_tsc arch_perfmon pebs bts rep_good nopl xtopology nonstop_tsc aperfmperf eagerfpu pni pclmulqdq dtes64 monitor ds_cpl vmx smx est tm2 ssse3 cx16 xtpr pdcm pcid sse4_1 sse4_2 x2apic popcnt tsc_deadline_timer aes xsave avx f16c rdrand lahf_lm epb tpr_shadow vnmi flexpriority ept vpid fsgsbase smep erms xsaveopt dtherm ida arat pln pts
bugs		:
bogomips	: 5382.50
clflush size	: 64
cache_alignment	: 64
address sizes	: 36 bits physical, 48 bits virtual
power management:

processor	: 7
vendor_id	: GenuineIntel
cpu family	: 6
model		: 58
model name	: Intel(R) Core(TM) i7-3740QM CPU @ 2.70GHz
stepping	: 9
microcode	: 0x15
cpu MHz		: 1199.917
cache size	: 6144 KB
physical id	: 0
siblings	: 8
core id		: 3
cpu cores	: 4
apicid		: 7
initial apicid	: 7
fpu		: yes
fpu_exception	: yes
cpuid level	: 13
wp		: yes
flags		: fpu vme de pse tsc msr pae mce cx8 apic sep mtrr pge mca cmov pat pse36 clflush dts acpi mmx fxsr sse sse2 ss ht tm pbe syscall nx rdtscp lm constant_tsc arch_perfmon pebs bts rep_good nopl xtopology nonstop_tsc aperfmperf eagerfpu pni pclmulqdq dtes64 monitor ds_cpl vmx smx est tm2 ssse3 cx16 xtpr pdcm pcid sse4_1 sse4_2 x2apic popcnt tsc_deadline_timer aes xsave avx f16c rdrand lahf_lm epb tpr_shadow vnmi flexpriority ept vpid fsgsbase smep erms xsaveopt dtherm ida arat pln pts
bugs		:
bogomips	: 5382.50
clflush size	: 64
cache_alignment	: 64
address sizes	: 36 bits physical, 48 bits virtual
power management:



Memory: 4k page, physical 8112616k(101176k free), swap 16650236k(0k free)

vm_info: Java HotSpot(TM) 64-Bit Server VM (25.60-b23) for linux-amd64 JRE (1.8.0_60-b27), built on Aug  4 2015 12:19:40 by "java_re" with gcc 4.3.0 20080428 (Red Hat 4.3.0-8)

time: Wed Aug  3 16:30:46 2016
elapsed time: 24 seconds (0d 0h 0m 24s)

